{"/home/dev/Documentos/Github/app-barber/backend/src/controllers/AgendamentoController.ts": {"path":"/home/dev/Documentos/Github/app-barber/backend/src/controllers/AgendamentoController.ts","statementMap":{"0":{"start":{"line":2,"column":0},"end":{"line":2,"column":68}},"1":{"start":{"line":3,"column":0},"end":{"line":3,"column":51}},"2":{"start":{"line":4,"column":0},"end":{"line":4,"column":44}},"3":{"start":{"line":7,"column":33},"end":{"line":7,"column":57}},"4":{"start":{"line":9,"column":13},"end":{"line":28,"column":5}},"5":{"start":{"line":10,"column":8},"end":{"line":27,"column":9}},"6":{"start":{"line":11,"column":60},"end":{"line":11,"column":69}},"7":{"start":{"line":13,"column":31},"end":{"line":13,"column":46}},"8":{"start":{"line":14,"column":29},"end":{"line":14,"column":51}},"9":{"start":{"line":15,"column":30},"end":{"line":15,"column":74}},"10":{"start":{"line":17,"column":33},"end":{"line":21,"column":null}},"11":{"start":{"line":24,"column":12},"end":{"line":24,"column":54}},"12":{"start":{"line":26,"column":12},"end":{"line":26,"column":66}},"13":{"start":{"line":30,"column":12},"end":{"line":61,"column":5}},"14":{"start":{"line":31,"column":8},"end":{"line":60,"column":9}},"15":{"start":{"line":32,"column":126},"end":{"line":32,"column":134}},"16":{"start":{"line":34,"column":12},"end":{"line":36,"column":13}},"17":{"start":{"line":35,"column":16},"end":{"line":35,"column":109}},"18":{"start":{"line":38,"column":31},"end":{"line":38,"column":46}},"19":{"start":{"line":39,"column":29},"end":{"line":39,"column":51}},"20":{"start":{"line":41,"column":35},"end":{"line":41,"column":113}},"21":{"start":{"line":42,"column":32},"end":{"line":42,"column":87}},"22":{"start":{"line":43,"column":45},"end":{"line":43,"column":54}},"23":{"start":{"line":45,"column":36},"end":{"line":55,"column":14}},"24":{"start":{"line":50,"column":58},"end":{"line":50,"column":68}},"25":{"start":{"line":57,"column":12},"end":{"line":57,"column":57}},"26":{"start":{"line":59,"column":12},"end":{"line":59,"column":66}},"27":{"start":{"line":63,"column":20},"end":{"line":88,"column":5}},"28":{"start":{"line":64,"column":8},"end":{"line":87,"column":9}},"29":{"start":{"line":65,"column":23},"end":{"line":65,"column":44}},"30":{"start":{"line":66,"column":31},"end":{"line":66,"column":39}},"31":{"start":{"line":68,"column":12},"end":{"line":70,"column":13}},"32":{"start":{"line":69,"column":16},"end":{"line":69,"column":85}},"33":{"start":{"line":72,"column":25},"end":{"line":72,"column":40}},"34":{"start":{"line":73,"column":12},"end":{"line":81,"column":13}},"35":{"start":{"line":75,"column":36},"end":{"line":77,"column":18}},"36":{"start":{"line":78,"column":16},"end":{"line":80,"column":17}},"37":{"start":{"line":79,"column":20},"end":{"line":79,"column":120}},"38":{"start":{"line":83,"column":29},"end":{"line":83,"column":105}},"39":{"start":{"line":84,"column":12},"end":{"line":84,"column":50}},"40":{"start":{"line":86,"column":12},"end":{"line":86,"column":66}},"41":{"start":{"line":90,"column":14},"end":{"line":104,"column":5}},"42":{"start":{"line":91,"column":8},"end":{"line":103,"column":9}},"43":{"start":{"line":92,"column":23},"end":{"line":92,"column":44}},"44":{"start":{"line":94,"column":25},"end":{"line":94,"column":40}},"45":{"start":{"line":95,"column":12},"end":{"line":97,"column":13}},"46":{"start":{"line":96,"column":16},"end":{"line":96,"column":121}},"47":{"start":{"line":99,"column":12},"end":{"line":99,"column":54}},"48":{"start":{"line":100,"column":12},"end":{"line":100,"column":102}},"49":{"start":{"line":102,"column":12},"end":{"line":102,"column":66}},"50":{"start":{"line":106,"column":25},"end":{"line":124,"column":5}},"51":{"start":{"line":107,"column":8},"end":{"line":123,"column":9}},"52":{"start":{"line":108,"column":61},"end":{"line":108,"column":70}},"53":{"start":{"line":110,"column":12},"end":{"line":112,"column":13}},"54":{"start":{"line":111,"column":16},"end":{"line":111,"column":125}},"55":{"start":{"line":114,"column":26},"end":{"line":117,"column":null}},"56":{"start":{"line":120,"column":12},"end":{"line":120,"column":47}},"57":{"start":{"line":122,"column":12},"end":{"line":122,"column":66}},"58":{"start":{"line":6,"column":0},"end":{"line":6,"column":13}}},"fnMap":{"0":{"name":"(anonymous_0)","decl":{"start":{"line":9,"column":13},"end":{"line":9,"column":18}},"loc":{"start":{"line":9,"column":51},"end":{"line":28,"column":5}}},"1":{"name":"(anonymous_1)","decl":{"start":{"line":30,"column":12},"end":{"line":30,"column":17}},"loc":{"start":{"line":30,"column":50},"end":{"line":61,"column":5}}},"2":{"name":"(anonymous_2)","decl":{"start":{"line":50,"column":45},"end":{"line":50,"column":46}},"loc":{"start":{"line":50,"column":58},"end":{"line":50,"column":68}}},"3":{"name":"(anonymous_3)","decl":{"start":{"line":63,"column":20},"end":{"line":63,"column":25}},"loc":{"start":{"line":63,"column":58},"end":{"line":88,"column":5}}},"4":{"name":"(anonymous_4)","decl":{"start":{"line":90,"column":14},"end":{"line":90,"column":19}},"loc":{"start":{"line":90,"column":52},"end":{"line":104,"column":5}}},"5":{"name":"(anonymous_5)","decl":{"start":{"line":106,"column":25},"end":{"line":106,"column":30}},"loc":{"start":{"line":106,"column":63},"end":{"line":124,"column":5}}}},"branchMap":{"0":{"loc":{"start":{"line":15,"column":30},"end":{"line":15,"column":74}},"type":"cond-expr","locations":[{"start":{"line":15,"column":41},"end":{"line":15,"column":62}},{"start":{"line":15,"column":65},"end":{"line":15,"column":74}}]},"1":{"loc":{"start":{"line":18,"column":16},"end":{"line":18,"column":67}},"type":"cond-expr","locations":[{"start":{"line":18,"column":33},"end":{"line":18,"column":55}},{"start":{"line":18,"column":58},"end":{"line":18,"column":67}}]},"2":{"loc":{"start":{"line":19,"column":16},"end":{"line":19,"column":71}},"type":"cond-expr","locations":[{"start":{"line":19,"column":29},"end":{"line":19,"column":59}},{"start":{"line":19,"column":62},"end":{"line":19,"column":71}}]},"3":{"loc":{"start":{"line":20,"column":16},"end":{"line":20,"column":65}},"type":"cond-expr","locations":[{"start":{"line":20,"column":26},"end":{"line":20,"column":53}},{"start":{"line":20,"column":56},"end":{"line":20,"column":65}}]},"4":{"loc":{"start":{"line":34,"column":12},"end":{"line":36,"column":13}},"type":"if","locations":[{"start":{"line":34,"column":12},"end":{"line":36,"column":13}},{"start":{},"end":{}}]},"5":{"loc":{"start":{"line":34,"column":16},"end":{"line":34,"column":97}},"type":"binary-expr","locations":[{"start":{"line":34,"column":16},"end":{"line":34,"column":31}},{"start":{"line":34,"column":35},"end":{"line":34,"column":47}},{"start":{"line":34,"column":51},"end":{"line":34,"column":66}},{"start":{"line":34,"column":70},"end":{"line":34,"column":97}}]},"6":{"loc":{"start":{"line":41,"column":35},"end":{"line":41,"column":113}},"type":"cond-expr","locations":[{"start":{"line":41,"column":46},"end":{"line":41,"column":67}},{"start":{"line":41,"column":71},"end":{"line":41,"column":112}}]},"7":{"loc":{"start":{"line":41,"column":71},"end":{"line":41,"column":112}},"type":"cond-expr","locations":[{"start":{"line":41,"column":83},"end":{"line":41,"column":100}},{"start":{"line":41,"column":103},"end":{"line":41,"column":112}}]},"8":{"loc":{"start":{"line":42,"column":32},"end":{"line":42,"column":87}},"type":"cond-expr","locations":[{"start":{"line":42,"column":43},"end":{"line":42,"column":55}},{"start":{"line":42,"column":59},"end":{"line":42,"column":87}}]},"9":{"loc":{"start":{"line":51,"column":28},"end":{"line":51,"column":89}},"type":"cond-expr","locations":[{"start":{"line":51,"column":40},"end":{"line":51,"column":75}},{"start":{"line":51,"column":79},"end":{"line":51,"column":89}}]},"10":{"loc":{"start":{"line":51,"column":40},"end":{"line":51,"column":75}},"type":"binary-expr","locations":[{"start":{"line":51,"column":40},"end":{"line":51,"column":50}},{"start":{"line":51,"column":54},"end":{"line":51,"column":75}}]},"11":{"loc":{"start":{"line":68,"column":12},"end":{"line":70,"column":13}},"type":"if","locations":[{"start":{"line":68,"column":12},"end":{"line":70,"column":13}},{"start":{},"end":{}}]},"12":{"loc":{"start":{"line":68,"column":16},"end":{"line":68,"column":77}},"type":"binary-expr","locations":[{"start":{"line":68,"column":16},"end":{"line":68,"column":23}},{"start":{"line":68,"column":27},"end":{"line":68,"column":77}}]},"13":{"loc":{"start":{"line":73,"column":12},"end":{"line":81,"column":13}},"type":"if","locations":[{"start":{"line":73,"column":12},"end":{"line":81,"column":13}},{"start":{},"end":{}}]},"14":{"loc":{"start":{"line":78,"column":16},"end":{"line":80,"column":17}},"type":"if","locations":[{"start":{"line":78,"column":16},"end":{"line":80,"column":17}},{"start":{},"end":{}}]},"15":{"loc":{"start":{"line":78,"column":20},"end":{"line":78,"column":69}},"type":"binary-expr","locations":[{"start":{"line":78,"column":20},"end":{"line":78,"column":32}},{"start":{"line":78,"column":36},"end":{"line":78,"column":69}}]},"16":{"loc":{"start":{"line":95,"column":12},"end":{"line":97,"column":13}},"type":"if","locations":[{"start":{"line":95,"column":12},"end":{"line":97,"column":13}},{"start":{},"end":{}}]},"17":{"loc":{"start":{"line":110,"column":12},"end":{"line":112,"column":13}},"type":"if","locations":[{"start":{"line":110,"column":12},"end":{"line":112,"column":13}},{"start":{},"end":{}}]},"18":{"loc":{"start":{"line":110,"column":16},"end":{"line":110,"column":59}},"type":"binary-expr","locations":[{"start":{"line":110,"column":16},"end":{"line":110,"column":31}},{"start":{"line":110,"column":35},"end":{"line":110,"column":40}},{"start":{"line":110,"column":44},"end":{"line":110,"column":59}}]}},"s":{"0":14,"1":14,"2":14,"3":14,"4":14,"5":1,"6":1,"7":1,"8":1,"9":1,"10":1,"11":1,"12":0,"13":14,"14":2,"15":2,"16":2,"17":0,"18":2,"19":2,"20":2,"21":2,"22":2,"23":2,"24":2,"25":1,"26":1,"27":14,"28":1,"29":1,"30":1,"31":1,"32":0,"33":1,"34":1,"35":0,"36":0,"37":0,"38":1,"39":1,"40":0,"41":14,"42":1,"43":1,"44":1,"45":1,"46":0,"47":1,"48":1,"49":0,"50":14,"51":1,"52":1,"53":1,"54":0,"55":1,"56":1,"57":0,"58":14},"f":{"0":1,"1":2,"2":2,"3":1,"4":1,"5":1},"b":{"0":[0,1],"1":[0,1],"2":[0,1],"3":[0,1],"4":[0,2],"5":[2,2,2,2],"6":[0,2],"7":[2,0],"8":[0,2],"9":[0,2],"10":[0,0],"11":[0,1],"12":[1,1],"13":[0,1],"14":[0,0],"15":[0,0],"16":[0,1],"17":[0,1],"18":[1,1,1]}}
,"/home/dev/Documentos/Github/app-barber/backend/src/controllers/AssinaturaController.ts": {"path":"/home/dev/Documentos/Github/app-barber/backend/src/controllers/AssinaturaController.ts","statementMap":{"0":{"start":{"line":2,"column":0},"end":{"line":2,"column":66}},"1":{"start":{"line":4,"column":26},"end":{"line":4,"column":49}},"2":{"start":{"line":9,"column":8},"end":{"line":14,"column":9}},"3":{"start":{"line":10,"column":26},"end":{"line":10,"column":71}},"4":{"start":{"line":11,"column":12},"end":{"line":11,"column":40}},"5":{"start":{"line":13,"column":12},"end":{"line":13,"column":59}},"6":{"start":{"line":18,"column":8},"end":{"line":23,"column":9}},"7":{"start":{"line":19,"column":27},"end":{"line":19,"column":62}},"8":{"start":{"line":20,"column":12},"end":{"line":20,"column":41}},"9":{"start":{"line":22,"column":12},"end":{"line":22,"column":59}},"10":{"start":{"line":27,"column":8},"end":{"line":33,"column":9}},"11":{"start":{"line":28,"column":23},"end":{"line":28,"column":44}},"12":{"start":{"line":29,"column":26},"end":{"line":29,"column":73}},"13":{"start":{"line":30,"column":12},"end":{"line":30,"column":40}},"14":{"start":{"line":32,"column":12},"end":{"line":32,"column":59}},"15":{"start":{"line":37,"column":8},"end":{"line":43,"column":9}},"16":{"start":{"line":38,"column":23},"end":{"line":38,"column":44}},"17":{"start":{"line":39,"column":12},"end":{"line":39,"column":52}},"18":{"start":{"line":40,"column":12},"end":{"line":40,"column":78}},"19":{"start":{"line":42,"column":12},"end":{"line":42,"column":59}},"20":{"start":{"line":47,"column":8},"end":{"line":57,"column":9}},"21":{"start":{"line":48,"column":72},"end":{"line":48,"column":80}},"22":{"start":{"line":49,"column":12},"end":{"line":52,"column":13}},"23":{"start":{"line":50,"column":16},"end":{"line":50,"column":83}},"24":{"start":{"line":51,"column":16},"end":{"line":51,"column":23}},"25":{"start":{"line":53,"column":31},"end":{"line":53,"column":137}},"26":{"start":{"line":54,"column":12},"end":{"line":54,"column":45}},"27":{"start":{"line":56,"column":12},"end":{"line":56,"column":59}},"28":{"start":{"line":61,"column":8},"end":{"line":67,"column":9}},"29":{"start":{"line":62,"column":30},"end":{"line":62,"column":58}},"30":{"start":{"line":63,"column":26},"end":{"line":63,"column":90}},"31":{"start":{"line":64,"column":12},"end":{"line":64,"column":40}},"32":{"start":{"line":66,"column":12},"end":{"line":66,"column":59}},"33":{"start":{"line":71,"column":8},"end":{"line":76,"column":9}},"34":{"start":{"line":72,"column":32},"end":{"line":72,"column":72}},"35":{"start":{"line":73,"column":12},"end":{"line":73,"column":46}},"36":{"start":{"line":75,"column":12},"end":{"line":75,"column":59}},"37":{"start":{"line":80,"column":8},"end":{"line":91,"column":9}},"38":{"start":{"line":81,"column":23},"end":{"line":81,"column":44}},"39":{"start":{"line":82,"column":52},"end":{"line":82,"column":60}},"40":{"start":{"line":83,"column":12},"end":{"line":86,"column":13}},"41":{"start":{"line":84,"column":16},"end":{"line":84,"column":94}},"42":{"start":{"line":85,"column":16},"end":{"line":85,"column":23}},"43":{"start":{"line":87,"column":31},"end":{"line":87,"column":113}},"44":{"start":{"line":88,"column":12},"end":{"line":88,"column":45}},"45":{"start":{"line":90,"column":12},"end":{"line":90,"column":59}},"46":{"start":{"line":94,"column":25},"end":{"line":105,"column":5}},"47":{"start":{"line":95,"column":8},"end":{"line":104,"column":9}},"48":{"start":{"line":96,"column":31},"end":{"line":96,"column":46}},"49":{"start":{"line":97,"column":12},"end":{"line":99,"column":13}},"50":{"start":{"line":98,"column":16},"end":{"line":98,"column":100}},"51":{"start":{"line":100,"column":26},"end":{"line":100,"column":102}},"52":{"start":{"line":101,"column":12},"end":{"line":101,"column":47}},"53":{"start":{"line":103,"column":12},"end":{"line":103,"column":66}},"54":{"start":{"line":6,"column":0},"end":{"line":6,"column":13}}},"fnMap":{"0":{"name":"(anonymous_0)","decl":{"start":{"line":8,"column":4},"end":{"line":8,"column":9}},"loc":{"start":{"line":8,"column":48},"end":{"line":15,"column":5}}},"1":{"name":"(anonymous_1)","decl":{"start":{"line":17,"column":4},"end":{"line":17,"column":9}},"loc":{"start":{"line":17,"column":50},"end":{"line":24,"column":5}}},"2":{"name":"(anonymous_2)","decl":{"start":{"line":26,"column":4},"end":{"line":26,"column":9}},"loc":{"start":{"line":26,"column":49},"end":{"line":34,"column":5}}},"3":{"name":"(anonymous_3)","decl":{"start":{"line":36,"column":4},"end":{"line":36,"column":9}},"loc":{"start":{"line":36,"column":50},"end":{"line":44,"column":5}}},"4":{"name":"(anonymous_4)","decl":{"start":{"line":46,"column":4},"end":{"line":46,"column":9}},"loc":{"start":{"line":46,"column":45},"end":{"line":58,"column":5}}},"5":{"name":"(anonymous_5)","decl":{"start":{"line":60,"column":4},"end":{"line":60,"column":9}},"loc":{"start":{"line":60,"column":58},"end":{"line":68,"column":5}}},"6":{"name":"(anonymous_6)","decl":{"start":{"line":70,"column":4},"end":{"line":70,"column":9}},"loc":{"start":{"line":70,"column":55},"end":{"line":77,"column":5}}},"7":{"name":"(anonymous_7)","decl":{"start":{"line":79,"column":4},"end":{"line":79,"column":9}},"loc":{"start":{"line":79,"column":45},"end":{"line":92,"column":5}}},"8":{"name":"(anonymous_8)","decl":{"start":{"line":94,"column":25},"end":{"line":94,"column":30}},"loc":{"start":{"line":94,"column":63},"end":{"line":105,"column":5}}}},"branchMap":{"0":{"loc":{"start":{"line":49,"column":12},"end":{"line":52,"column":13}},"type":"if","locations":[{"start":{"line":49,"column":12},"end":{"line":52,"column":13}},{"start":{},"end":{}}]},"1":{"loc":{"start":{"line":49,"column":16},"end":{"line":49,"column":70}},"type":"binary-expr","locations":[{"start":{"line":49,"column":16},"end":{"line":49,"column":26}},{"start":{"line":49,"column":30},"end":{"line":49,"column":38}},{"start":{"line":49,"column":42},"end":{"line":49,"column":70}}]},"2":{"loc":{"start":{"line":83,"column":12},"end":{"line":86,"column":13}},"type":"if","locations":[{"start":{"line":83,"column":12},"end":{"line":86,"column":13}},{"start":{},"end":{}}]},"3":{"loc":{"start":{"line":97,"column":12},"end":{"line":99,"column":13}},"type":"if","locations":[{"start":{"line":97,"column":12},"end":{"line":99,"column":13}},{"start":{},"end":{}}]},"4":{"loc":{"start":{"line":97,"column":16},"end":{"line":97,"column":88}},"type":"binary-expr","locations":[{"start":{"line":97,"column":16},"end":{"line":97,"column":27}},{"start":{"line":97,"column":32},"end":{"line":97,"column":63}},{"start":{"line":97,"column":67},"end":{"line":97,"column":87}}]}},"s":{"0":14,"1":14,"2":2,"3":2,"4":1,"5":1,"6":2,"7":2,"8":1,"9":1,"10":2,"11":2,"12":2,"13":1,"14":1,"15":2,"16":2,"17":2,"18":1,"19":1,"20":3,"21":3,"22":3,"23":1,"24":1,"25":2,"26":1,"27":1,"28":2,"29":2,"30":2,"31":2,"32":0,"33":2,"34":2,"35":1,"36":1,"37":3,"38":3,"39":3,"40":3,"41":1,"42":1,"43":2,"44":1,"45":1,"46":14,"47":2,"48":2,"49":2,"50":1,"51":1,"52":1,"53":0,"54":14},"f":{"0":2,"1":2,"2":2,"3":2,"4":3,"5":2,"6":2,"7":3,"8":2},"b":{"0":[1,2],"1":[3,3,2],"2":[1,2],"3":[1,1],"4":[2,2,1]}}
,"/home/dev/Documentos/Github/app-barber/backend/src/controllers/CaixaController.ts": {"path":"/home/dev/Documentos/Github/app-barber/backend/src/controllers/CaixaController.ts","statementMap":{"0":{"start":{"line":2,"column":0},"end":{"line":2,"column":56}},"1":{"start":{"line":5,"column":27},"end":{"line":5,"column":45}},"2":{"start":{"line":7,"column":13},"end":{"line":16,"column":5}},"3":{"start":{"line":8,"column":21},"end":{"line":8,"column":45}},"4":{"start":{"line":10,"column":8},"end":{"line":15,"column":9}},"5":{"start":{"line":11,"column":27},"end":{"line":11,"column":69}},"6":{"start":{"line":12,"column":12},"end":{"line":12,"column":48}},"7":{"start":{"line":14,"column":12},"end":{"line":14,"column":66}},"8":{"start":{"line":4,"column":0},"end":{"line":4,"column":13}}},"fnMap":{"0":{"name":"(anonymous_0)","decl":{"start":{"line":7,"column":13},"end":{"line":7,"column":18}},"loc":{"start":{"line":7,"column":51},"end":{"line":16,"column":5}}}},"branchMap":{},"s":{"0":14,"1":14,"2":14,"3":2,"4":2,"5":2,"6":1,"7":1,"8":14},"f":{"0":2},"b":{}}
,"/home/dev/Documentos/Github/app-barber/backend/src/controllers/CategoriaCustoController.ts": {"path":"/home/dev/Documentos/Github/app-barber/backend/src/controllers/CategoriaCustoController.ts","statementMap":{"0":{"start":{"line":2,"column":0},"end":{"line":2,"column":74}},"1":{"start":{"line":5,"column":22},"end":{"line":5,"column":49}},"2":{"start":{"line":7,"column":13},"end":{"line":14,"column":5}},"3":{"start":{"line":8,"column":8},"end":{"line":13,"column":9}},"4":{"start":{"line":9,"column":27},"end":{"line":9,"column":54}},"5":{"start":{"line":10,"column":12},"end":{"line":10,"column":36}},"6":{"start":{"line":12,"column":12},"end":{"line":12,"column":66}},"7":{"start":{"line":16,"column":12},"end":{"line":24,"column":5}},"8":{"start":{"line":17,"column":8},"end":{"line":23,"column":9}},"9":{"start":{"line":18,"column":34},"end":{"line":18,"column":42}},"10":{"start":{"line":19,"column":27},"end":{"line":19,"column":62}},"11":{"start":{"line":20,"column":12},"end":{"line":20,"column":48}},"12":{"start":{"line":22,"column":12},"end":{"line":22,"column":66}},"13":{"start":{"line":26,"column":13},"end":{"line":35,"column":5}},"14":{"start":{"line":27,"column":8},"end":{"line":34,"column":9}},"15":{"start":{"line":28,"column":23},"end":{"line":28,"column":44}},"16":{"start":{"line":29,"column":34},"end":{"line":29,"column":42}},"17":{"start":{"line":30,"column":27},"end":{"line":30,"column":67}},"18":{"start":{"line":31,"column":12},"end":{"line":31,"column":36}},"19":{"start":{"line":33,"column":12},"end":{"line":33,"column":66}},"20":{"start":{"line":37,"column":14},"end":{"line":45,"column":5}},"21":{"start":{"line":38,"column":8},"end":{"line":44,"column":9}},"22":{"start":{"line":39,"column":23},"end":{"line":39,"column":44}},"23":{"start":{"line":40,"column":12},"end":{"line":40,"column":43}},"24":{"start":{"line":41,"column":12},"end":{"line":41,"column":75}},"25":{"start":{"line":43,"column":12},"end":{"line":43,"column":66}},"26":{"start":{"line":4,"column":0},"end":{"line":4,"column":13}}},"fnMap":{"0":{"name":"(anonymous_0)","decl":{"start":{"line":7,"column":13},"end":{"line":7,"column":18}},"loc":{"start":{"line":7,"column":51},"end":{"line":14,"column":5}}},"1":{"name":"(anonymous_1)","decl":{"start":{"line":16,"column":12},"end":{"line":16,"column":17}},"loc":{"start":{"line":16,"column":50},"end":{"line":24,"column":5}}},"2":{"name":"(anonymous_2)","decl":{"start":{"line":26,"column":13},"end":{"line":26,"column":18}},"loc":{"start":{"line":26,"column":51},"end":{"line":35,"column":5}}},"3":{"name":"(anonymous_3)","decl":{"start":{"line":37,"column":14},"end":{"line":37,"column":19}},"loc":{"start":{"line":37,"column":52},"end":{"line":45,"column":5}}}},"branchMap":{},"s":{"0":14,"1":14,"2":14,"3":1,"4":1,"5":1,"6":0,"7":14,"8":1,"9":1,"10":1,"11":1,"12":0,"13":14,"14":1,"15":1,"16":1,"17":1,"18":1,"19":0,"20":14,"21":1,"22":1,"23":1,"24":1,"25":0,"26":14},"f":{"0":1,"1":1,"2":1,"3":1},"b":{}}
,"/home/dev/Documentos/Github/app-barber/backend/src/controllers/ClienteController.ts": {"path":"/home/dev/Documentos/Github/app-barber/backend/src/controllers/ClienteController.ts","statementMap":{"0":{"start":{"line":2,"column":0},"end":{"line":2,"column":60}},"1":{"start":{"line":5,"column":29},"end":{"line":5,"column":49}},"2":{"start":{"line":7,"column":13},"end":{"line":15,"column":5}},"3":{"start":{"line":8,"column":8},"end":{"line":14,"column":9}},"4":{"start":{"line":9,"column":27},"end":{"line":9,"column":62}},"5":{"start":{"line":11,"column":12},"end":{"line":11,"column":48}},"6":{"start":{"line":13,"column":12},"end":{"line":13,"column":66}},"7":{"start":{"line":17,"column":13},"end":{"line":27,"column":5}},"8":{"start":{"line":18,"column":8},"end":{"line":26,"column":9}},"9":{"start":{"line":19,"column":22},"end":{"line":19,"column":43}},"10":{"start":{"line":20,"column":12},"end":{"line":20,"column":52}},"11":{"start":{"line":20,"column":20},"end":{"line":20,"column":52}},"12":{"start":{"line":22,"column":27},"end":{"line":22,"column":68}},"13":{"start":{"line":23,"column":12},"end":{"line":23,"column":48}},"14":{"start":{"line":25,"column":12},"end":{"line":25,"column":66}},"15":{"start":{"line":29,"column":12},"end":{"line":42,"column":5}},"16":{"start":{"line":30,"column":44},"end":{"line":30,"column":52}},"17":{"start":{"line":32,"column":8},"end":{"line":41,"column":9}},"18":{"start":{"line":33,"column":27},"end":{"line":37,"column":14}},"19":{"start":{"line":38,"column":12},"end":{"line":38,"column":48}},"20":{"start":{"line":40,"column":12},"end":{"line":40,"column":66}},"21":{"start":{"line":44,"column":13},"end":{"line":61,"column":5}},"22":{"start":{"line":45,"column":19},"end":{"line":45,"column":40}},"23":{"start":{"line":46,"column":44},"end":{"line":46,"column":52}},"24":{"start":{"line":48,"column":8},"end":{"line":60,"column":9}},"25":{"start":{"line":49,"column":27},"end":{"line":55,"column":null}},"26":{"start":{"line":57,"column":12},"end":{"line":57,"column":48}},"27":{"start":{"line":59,"column":12},"end":{"line":59,"column":66}},"28":{"start":{"line":63,"column":14},"end":{"line":72,"column":5}},"29":{"start":{"line":64,"column":19},"end":{"line":64,"column":40}},"30":{"start":{"line":66,"column":8},"end":{"line":71,"column":9}},"31":{"start":{"line":67,"column":27},"end":{"line":67,"column":63}},"32":{"start":{"line":68,"column":12},"end":{"line":68,"column":48}},"33":{"start":{"line":70,"column":12},"end":{"line":70,"column":66}},"34":{"start":{"line":4,"column":0},"end":{"line":4,"column":13}}},"fnMap":{"0":{"name":"(anonymous_0)","decl":{"start":{"line":7,"column":13},"end":{"line":7,"column":18}},"loc":{"start":{"line":7,"column":51},"end":{"line":15,"column":5}}},"1":{"name":"(anonymous_1)","decl":{"start":{"line":17,"column":13},"end":{"line":17,"column":18}},"loc":{"start":{"line":17,"column":51},"end":{"line":27,"column":5}}},"2":{"name":"(anonymous_2)","decl":{"start":{"line":29,"column":12},"end":{"line":29,"column":17}},"loc":{"start":{"line":29,"column":50},"end":{"line":42,"column":5}}},"3":{"name":"(anonymous_3)","decl":{"start":{"line":44,"column":13},"end":{"line":44,"column":18}},"loc":{"start":{"line":44,"column":51},"end":{"line":61,"column":5}}},"4":{"name":"(anonymous_4)","decl":{"start":{"line":63,"column":14},"end":{"line":63,"column":19}},"loc":{"start":{"line":63,"column":52},"end":{"line":72,"column":5}}}},"branchMap":{"0":{"loc":{"start":{"line":20,"column":12},"end":{"line":20,"column":52}},"type":"if","locations":[{"start":{"line":20,"column":12},"end":{"line":20,"column":52}},{"start":{},"end":{}}]},"1":{"loc":{"start":{"line":36,"column":25},"end":{"line":36,"column":116}},"type":"cond-expr","locations":[{"start":{"line":36,"column":89},"end":{"line":36,"column":104}},{"start":{"line":36,"column":107},"end":{"line":36,"column":116}}]},"2":{"loc":{"start":{"line":36,"column":26},"end":{"line":36,"column":85}},"type":"binary-expr","locations":[{"start":{"line":36,"column":26},"end":{"line":36,"column":47}},{"start":{"line":36,"column":51},"end":{"line":36,"column":67}},{"start":{"line":36,"column":71},"end":{"line":36,"column":85}}]},"3":{"loc":{"start":{"line":54,"column":29},"end":{"line":54,"column":120}},"type":"cond-expr","locations":[{"start":{"line":54,"column":93},"end":{"line":54,"column":108}},{"start":{"line":54,"column":111},"end":{"line":54,"column":120}}]},"4":{"loc":{"start":{"line":54,"column":30},"end":{"line":54,"column":89}},"type":"binary-expr","locations":[{"start":{"line":54,"column":30},"end":{"line":54,"column":51}},{"start":{"line":54,"column":55},"end":{"line":54,"column":71}},{"start":{"line":54,"column":75},"end":{"line":54,"column":89}}]}},"s":{"0":14,"1":14,"2":14,"3":1,"4":1,"5":1,"6":0,"7":14,"8":0,"9":0,"10":0,"11":0,"12":0,"13":0,"14":0,"15":14,"16":2,"17":2,"18":2,"19":1,"20":1,"21":14,"22":3,"23":3,"24":3,"25":3,"26":1,"27":2,"28":14,"29":2,"30":2,"31":2,"32":1,"33":1,"34":14},"f":{"0":1,"1":0,"2":2,"3":3,"4":2},"b":{"0":[0,0],"1":[0,2],"2":[2,0,0],"3":[0,3],"4":[3,0,0]}}
,"/home/dev/Documentos/Github/app-barber/backend/src/controllers/ComissaoController.ts": {"path":"/home/dev/Documentos/Github/app-barber/backend/src/controllers/ComissaoController.ts","statementMap":{"0":{"start":{"line":2,"column":0},"end":{"line":2,"column":62}},"1":{"start":{"line":5,"column":30},"end":{"line":5,"column":51}},"2":{"start":{"line":6,"column":16},"end":{"line":23,"column":5}},"3":{"start":{"line":7,"column":31},"end":{"line":7,"column":52}},"4":{"start":{"line":10,"column":27},"end":{"line":10,"column":57}},"5":{"start":{"line":11,"column":24},"end":{"line":11,"column":51}},"6":{"start":{"line":13,"column":8},"end":{"line":15,"column":9}},"7":{"start":{"line":14,"column":12},"end":{"line":14,"column":107}},"8":{"start":{"line":17,"column":8},"end":{"line":22,"column":9}},"9":{"start":{"line":18,"column":27},"end":{"line":18,"column":107}},"10":{"start":{"line":19,"column":12},"end":{"line":19,"column":48}},"11":{"start":{"line":21,"column":12},"end":{"line":21,"column":66}},"12":{"start":{"line":4,"column":0},"end":{"line":4,"column":13}}},"fnMap":{"0":{"name":"(anonymous_0)","decl":{"start":{"line":6,"column":16},"end":{"line":6,"column":21}},"loc":{"start":{"line":6,"column":54},"end":{"line":23,"column":5}}}},"branchMap":{"0":{"loc":{"start":{"line":13,"column":8},"end":{"line":15,"column":9}},"type":"if","locations":[{"start":{"line":13,"column":8},"end":{"line":15,"column":9}},{"start":{},"end":{}}]},"1":{"loc":{"start":{"line":13,"column":12},"end":{"line":13,"column":62}},"type":"binary-expr","locations":[{"start":{"line":13,"column":12},"end":{"line":13,"column":23}},{"start":{"line":13,"column":27},"end":{"line":13,"column":35}},{"start":{"line":13,"column":40},"end":{"line":13,"column":61}}]}},"s":{"0":14,"1":14,"2":14,"3":2,"4":2,"5":2,"6":2,"7":0,"8":2,"9":2,"10":1,"11":1,"12":14},"f":{"0":2},"b":{"0":[0,2],"1":[2,2,2]}}
,"/home/dev/Documentos/Github/app-barber/backend/src/controllers/FinanceiroController.ts": {"path":"/home/dev/Documentos/Github/app-barber/backend/src/controllers/FinanceiroController.ts","statementMap":{"0":{"start":{"line":2,"column":0},"end":{"line":2,"column":66}},"1":{"start":{"line":5,"column":32},"end":{"line":5,"column":55}},"2":{"start":{"line":7,"column":17},"end":{"line":27,"column":5}},"3":{"start":{"line":8,"column":8},"end":{"line":26,"column":9}},"4":{"start":{"line":9,"column":47},"end":{"line":9,"column":56}},"5":{"start":{"line":11,"column":12},"end":{"line":13,"column":13}},"6":{"start":{"line":12,"column":16},"end":{"line":12,"column":100}},"7":{"start":{"line":15,"column":30},"end":{"line":15,"column":61}},"8":{"start":{"line":16,"column":28},"end":{"line":16,"column":57}},"9":{"start":{"line":19,"column":12},"end":{"line":19,"column":46}},"10":{"start":{"line":21,"column":27},"end":{"line":21,"column":89}},"11":{"start":{"line":23,"column":12},"end":{"line":23,"column":48}},"12":{"start":{"line":25,"column":12},"end":{"line":25,"column":66}},"13":{"start":{"line":4,"column":0},"end":{"line":4,"column":13}}},"fnMap":{"0":{"name":"(anonymous_0)","decl":{"start":{"line":7,"column":17},"end":{"line":7,"column":22}},"loc":{"start":{"line":7,"column":55},"end":{"line":27,"column":5}}}},"branchMap":{"0":{"loc":{"start":{"line":11,"column":12},"end":{"line":13,"column":13}},"type":"if","locations":[{"start":{"line":11,"column":12},"end":{"line":13,"column":13}},{"start":{},"end":{}}]},"1":{"loc":{"start":{"line":11,"column":16},"end":{"line":11,"column":42}},"type":"binary-expr","locations":[{"start":{"line":11,"column":16},"end":{"line":11,"column":28}},{"start":{"line":11,"column":32},"end":{"line":11,"column":42}}]}},"s":{"0":14,"1":14,"2":14,"3":1,"4":1,"5":1,"6":0,"7":1,"8":1,"9":1,"10":1,"11":1,"12":0,"13":14},"f":{"0":1},"b":{"0":[0,1],"1":[1,1]}}
,"/home/dev/Documentos/Github/app-barber/backend/src/controllers/ItemCatalogoController.ts": {"path":"/home/dev/Documentos/Github/app-barber/backend/src/controllers/ItemCatalogoController.ts","statementMap":{"0":{"start":{"line":2,"column":0},"end":{"line":2,"column":70}},"1":{"start":{"line":5,"column":34},"end":{"line":5,"column":59}},"2":{"start":{"line":6,"column":13},"end":{"line":14,"column":5}},"3":{"start":{"line":7,"column":8},"end":{"line":13,"column":9}},"4":{"start":{"line":8,"column":27},"end":{"line":8,"column":67}},"5":{"start":{"line":10,"column":12},"end":{"line":10,"column":48}},"6":{"start":{"line":12,"column":12},"end":{"line":12,"column":66}},"7":{"start":{"line":16,"column":12},"end":{"line":32,"column":5}},"8":{"start":{"line":17,"column":66},"end":{"line":17,"column":74}},"9":{"start":{"line":19,"column":8},"end":{"line":31,"column":9}},"10":{"start":{"line":20,"column":27},"end":{"line":26,"column":14}},"11":{"start":{"line":28,"column":12},"end":{"line":28,"column":48}},"12":{"start":{"line":30,"column":12},"end":{"line":30,"column":66}},"13":{"start":{"line":34,"column":13},"end":{"line":54,"column":5}},"14":{"start":{"line":35,"column":19},"end":{"line":35,"column":40}},"15":{"start":{"line":36,"column":66},"end":{"line":36,"column":74}},"16":{"start":{"line":38,"column":8},"end":{"line":53,"column":9}},"17":{"start":{"line":39,"column":27},"end":{"line":47,"column":null}},"18":{"start":{"line":50,"column":12},"end":{"line":50,"column":48}},"19":{"start":{"line":52,"column":12},"end":{"line":52,"column":66}},"20":{"start":{"line":56,"column":14},"end":{"line":66,"column":5}},"21":{"start":{"line":57,"column":19},"end":{"line":57,"column":40}},"22":{"start":{"line":59,"column":8},"end":{"line":65,"column":9}},"23":{"start":{"line":60,"column":27},"end":{"line":60,"column":68}},"24":{"start":{"line":62,"column":12},"end":{"line":62,"column":48}},"25":{"start":{"line":64,"column":12},"end":{"line":64,"column":66}},"26":{"start":{"line":4,"column":0},"end":{"line":4,"column":13}}},"fnMap":{"0":{"name":"(anonymous_0)","decl":{"start":{"line":6,"column":13},"end":{"line":6,"column":18}},"loc":{"start":{"line":6,"column":51},"end":{"line":14,"column":5}}},"1":{"name":"(anonymous_1)","decl":{"start":{"line":16,"column":12},"end":{"line":16,"column":17}},"loc":{"start":{"line":16,"column":50},"end":{"line":32,"column":5}}},"2":{"name":"(anonymous_2)","decl":{"start":{"line":34,"column":13},"end":{"line":34,"column":18}},"loc":{"start":{"line":34,"column":51},"end":{"line":54,"column":5}}},"3":{"name":"(anonymous_3)","decl":{"start":{"line":56,"column":14},"end":{"line":56,"column":19}},"loc":{"start":{"line":56,"column":52},"end":{"line":66,"column":5}}}},"branchMap":{},"s":{"0":14,"1":14,"2":14,"3":2,"4":2,"5":1,"6":1,"7":14,"8":1,"9":1,"10":1,"11":1,"12":0,"13":14,"14":2,"15":2,"16":2,"17":2,"18":1,"19":1,"20":14,"21":2,"22":2,"23":2,"24":1,"25":1,"26":14},"f":{"0":2,"1":1,"2":2,"3":2},"b":{}}
,"/home/dev/Documentos/Github/app-barber/backend/src/controllers/PortalAuthController.ts": {"path":"/home/dev/Documentos/Github/app-barber/backend/src/controllers/PortalAuthController.ts","statementMap":{"0":{"start":{"line":2,"column":0},"end":{"line":2,"column":44}},"1":{"start":{"line":3,"column":0},"end":{"line":3,"column":58}},"2":{"start":{"line":4,"column":0},"end":{"line":4,"column":30}},"3":{"start":{"line":5,"column":0},"end":{"line":5,"column":31}},"4":{"start":{"line":9,"column":17},"end":{"line":9,"column":42}},"5":{"start":{"line":10,"column":25},"end":{"line":10,"column":33}},"6":{"start":{"line":12,"column":4},"end":{"line":14,"column":5}},"7":{"start":{"line":13,"column":6},"end":{"line":13,"column":94}},"8":{"start":{"line":16,"column":4},"end":{"line":50,"column":5}},"9":{"start":{"line":17,"column":22},"end":{"line":19,"column":8}},"10":{"start":{"line":21,"column":6},"end":{"line":23,"column":7}},"11":{"start":{"line":22,"column":8},"end":{"line":22,"column":76}},"12":{"start":{"line":26,"column":6},"end":{"line":46,"column":9}},"13":{"start":{"line":27,"column":24},"end":{"line":31,"column":10}},"14":{"start":{"line":33,"column":8},"end":{"line":35,"column":9}},"15":{"start":{"line":34,"column":10},"end":{"line":34,"column":74}},"16":{"start":{"line":37,"column":8},"end":{"line":43,"column":9}},"17":{"start":{"line":38,"column":10},"end":{"line":42,"column":13}},"18":{"start":{"line":45,"column":8},"end":{"line":45,"column":83}},"19":{"start":{"line":48,"column":6},"end":{"line":48,"column":27}},"20":{"start":{"line":49,"column":6},"end":{"line":49,"column":74}},"21":{"start":{"line":54,"column":17},"end":{"line":54,"column":42}},"22":{"start":{"line":55,"column":32},"end":{"line":55,"column":40}},"23":{"start":{"line":57,"column":4},"end":{"line":59,"column":5}},"24":{"start":{"line":58,"column":6},"end":{"line":58,"column":72}},"25":{"start":{"line":60,"column":4},"end":{"line":62,"column":5}},"26":{"start":{"line":61,"column":6},"end":{"line":61,"column":69}},"27":{"start":{"line":64,"column":4},"end":{"line":96,"column":5}},"28":{"start":{"line":65,"column":22},"end":{"line":65,"column":74}},"29":{"start":{"line":66,"column":6},"end":{"line":66,"column":88}},"30":{"start":{"line":66,"column":20},"end":{"line":66,"column":88}},"31":{"start":{"line":68,"column":6},"end":{"line":92,"column":9}},"32":{"start":{"line":69,"column":24},"end":{"line":71,"column":10}},"33":{"start":{"line":73,"column":8},"end":{"line":75,"column":9}},"34":{"start":{"line":74,"column":10},"end":{"line":74,"column":97}},"35":{"start":{"line":77,"column":30},"end":{"line":77,"column":72}},"36":{"start":{"line":78,"column":8},"end":{"line":80,"column":9}},"37":{"start":{"line":79,"column":10},"end":{"line":79,"column":69}},"38":{"start":{"line":82,"column":22},"end":{"line":85,"column":null}},"39":{"start":{"line":88,"column":8},"end":{"line":91,"column":11}},"40":{"start":{"line":94,"column":6},"end":{"line":94,"column":27}},"41":{"start":{"line":95,"column":6},"end":{"line":95,"column":74}},"42":{"start":{"line":100,"column":17},"end":{"line":100,"column":42}},"43":{"start":{"line":101,"column":38},"end":{"line":101,"column":46}},"44":{"start":{"line":103,"column":4},"end":{"line":105,"column":5}},"45":{"start":{"line":104,"column":6},"end":{"line":104,"column":72}},"46":{"start":{"line":106,"column":4},"end":{"line":108,"column":5}},"47":{"start":{"line":107,"column":6},"end":{"line":107,"column":69}},"48":{"start":{"line":109,"column":4},"end":{"line":111,"column":5}},"49":{"start":{"line":110,"column":6},"end":{"line":110,"column":74}},"50":{"start":{"line":113,"column":4},"end":{"line":159,"column":5}},"51":{"start":{"line":114,"column":22},"end":{"line":114,"column":74}},"52":{"start":{"line":115,"column":6},"end":{"line":115,"column":88}},"53":{"start":{"line":115,"column":20},"end":{"line":115,"column":88}},"54":{"start":{"line":117,"column":26},"end":{"line":117,"column":54}},"55":{"start":{"line":119,"column":6},"end":{"line":155,"column":9}},"56":{"start":{"line":120,"column":22},"end":{"line":122,"column":10}},"57":{"start":{"line":124,"column":8},"end":{"line":143,"column":9}},"58":{"start":{"line":125,"column":10},"end":{"line":127,"column":11}},"59":{"start":{"line":126,"column":12},"end":{"line":126,"column":103}},"60":{"start":{"line":128,"column":10},"end":{"line":131,"column":13}},"61":{"start":{"line":133,"column":10},"end":{"line":135,"column":11}},"62":{"start":{"line":134,"column":12},"end":{"line":134,"column":94}},"63":{"start":{"line":136,"column":10},"end":{"line":142,"column":13}},"64":{"start":{"line":145,"column":22},"end":{"line":148,"column":null}},"65":{"start":{"line":151,"column":8},"end":{"line":154,"column":11}},"66":{"start":{"line":157,"column":6},"end":{"line":157,"column":27}},"67":{"start":{"line":158,"column":6},"end":{"line":158,"column":74}},"68":{"start":{"line":163,"column":17},"end":{"line":163,"column":42}},"69":{"start":{"line":165,"column":4},"end":{"line":183,"column":5}},"70":{"start":{"line":166,"column":22},"end":{"line":173,"column":8}},"71":{"start":{"line":175,"column":6},"end":{"line":177,"column":7}},"72":{"start":{"line":176,"column":8},"end":{"line":176,"column":76}},"73":{"start":{"line":179,"column":6},"end":{"line":179,"column":31}},"74":{"start":{"line":181,"column":6},"end":{"line":181,"column":27}},"75":{"start":{"line":182,"column":6},"end":{"line":182,"column":74}},"76":{"start":{"line":7,"column":0},"end":{"line":7,"column":13}}},"fnMap":{"0":{"name":"(anonymous_1)","decl":{"start":{"line":8,"column":2},"end":{"line":8,"column":7}},"loc":{"start":{"line":8,"column":46},"end":{"line":51,"column":3}}},"1":{"name":"(anonymous_2)","decl":{"start":{"line":26,"column":64},"end":{"line":26,"column":69}},"loc":{"start":{"line":26,"column":75},"end":{"line":46,"column":7}}},"2":{"name":"(anonymous_3)","decl":{"start":{"line":53,"column":2},"end":{"line":53,"column":7}},"loc":{"start":{"line":53,"column":41},"end":{"line":97,"column":3}}},"3":{"name":"(anonymous_4)","decl":{"start":{"line":68,"column":64},"end":{"line":68,"column":69}},"loc":{"start":{"line":68,"column":75},"end":{"line":92,"column":7}}},"4":{"name":"(anonymous_5)","decl":{"start":{"line":99,"column":2},"end":{"line":99,"column":7}},"loc":{"start":{"line":99,"column":44},"end":{"line":160,"column":3}}},"5":{"name":"(anonymous_6)","decl":{"start":{"line":119,"column":64},"end":{"line":119,"column":69}},"loc":{"start":{"line":119,"column":75},"end":{"line":155,"column":7}}},"6":{"name":"(anonymous_7)","decl":{"start":{"line":162,"column":2},"end":{"line":162,"column":7}},"loc":{"start":{"line":162,"column":46},"end":{"line":184,"column":3}}}},"branchMap":{"0":{"loc":{"start":{"line":12,"column":4},"end":{"line":14,"column":5}},"type":"if","locations":[{"start":{"line":12,"column":4},"end":{"line":14,"column":5}},{"start":{},"end":{}}]},"1":{"loc":{"start":{"line":12,"column":8},"end":{"line":12,"column":49}},"type":"binary-expr","locations":[{"start":{"line":12,"column":8},"end":{"line":12,"column":17}},{"start":{"line":12,"column":21},"end":{"line":12,"column":49}}]},"2":{"loc":{"start":{"line":21,"column":6},"end":{"line":23,"column":7}},"type":"if","locations":[{"start":{"line":21,"column":6},"end":{"line":23,"column":7}},{"start":{},"end":{}}]},"3":{"loc":{"start":{"line":33,"column":8},"end":{"line":35,"column":9}},"type":"if","locations":[{"start":{"line":33,"column":8},"end":{"line":35,"column":9}},{"start":{},"end":{}}]},"4":{"loc":{"start":{"line":37,"column":8},"end":{"line":43,"column":9}},"type":"if","locations":[{"start":{"line":37,"column":8},"end":{"line":43,"column":9}},{"start":{},"end":{}}]},"5":{"loc":{"start":{"line":37,"column":12},"end":{"line":37,"column":37}},"type":"binary-expr","locations":[{"start":{"line":37,"column":12},"end":{"line":37,"column":19}},{"start":{"line":37,"column":23},"end":{"line":37,"column":37}}]},"6":{"loc":{"start":{"line":57,"column":4},"end":{"line":59,"column":5}},"type":"if","locations":[{"start":{"line":57,"column":4},"end":{"line":59,"column":5}},{"start":{},"end":{}}]},"7":{"loc":{"start":{"line":57,"column":8},"end":{"line":57,"column":49}},"type":"binary-expr","locations":[{"start":{"line":57,"column":8},"end":{"line":57,"column":17}},{"start":{"line":57,"column":21},"end":{"line":57,"column":49}}]},"8":{"loc":{"start":{"line":60,"column":4},"end":{"line":62,"column":5}},"type":"if","locations":[{"start":{"line":60,"column":4},"end":{"line":62,"column":5}},{"start":{},"end":{}}]},"9":{"loc":{"start":{"line":60,"column":8},"end":{"line":60,"column":43}},"type":"binary-expr","locations":[{"start":{"line":60,"column":8},"end":{"line":60,"column":14}},{"start":{"line":60,"column":18},"end":{"line":60,"column":43}}]},"10":{"loc":{"start":{"line":66,"column":6},"end":{"line":66,"column":88}},"type":"if","locations":[{"start":{"line":66,"column":6},"end":{"line":66,"column":88}},{"start":{},"end":{}}]},"11":{"loc":{"start":{"line":73,"column":8},"end":{"line":75,"column":9}},"type":"if","locations":[{"start":{"line":73,"column":8},"end":{"line":75,"column":9}},{"start":{},"end":{}}]},"12":{"loc":{"start":{"line":73,"column":12},"end":{"line":73,"column":38}},"type":"binary-expr","locations":[{"start":{"line":73,"column":12},"end":{"line":73,"column":20}},{"start":{"line":73,"column":24},"end":{"line":73,"column":38}}]},"13":{"loc":{"start":{"line":78,"column":8},"end":{"line":80,"column":9}},"type":"if","locations":[{"start":{"line":78,"column":8},"end":{"line":80,"column":9}},{"start":{},"end":{}}]},"14":{"loc":{"start":{"line":103,"column":4},"end":{"line":105,"column":5}},"type":"if","locations":[{"start":{"line":103,"column":4},"end":{"line":105,"column":5}},{"start":{},"end":{}}]},"15":{"loc":{"start":{"line":103,"column":8},"end":{"line":103,"column":49}},"type":"binary-expr","locations":[{"start":{"line":103,"column":8},"end":{"line":103,"column":17}},{"start":{"line":103,"column":21},"end":{"line":103,"column":49}}]},"16":{"loc":{"start":{"line":106,"column":4},"end":{"line":108,"column":5}},"type":"if","locations":[{"start":{"line":106,"column":4},"end":{"line":108,"column":5}},{"start":{},"end":{}}]},"17":{"loc":{"start":{"line":106,"column":8},"end":{"line":106,"column":43}},"type":"binary-expr","locations":[{"start":{"line":106,"column":8},"end":{"line":106,"column":14}},{"start":{"line":106,"column":18},"end":{"line":106,"column":43}}]},"18":{"loc":{"start":{"line":109,"column":4},"end":{"line":111,"column":5}},"type":"if","locations":[{"start":{"line":109,"column":4},"end":{"line":111,"column":5}},{"start":{},"end":{}}]},"19":{"loc":{"start":{"line":109,"column":8},"end":{"line":109,"column":54}},"type":"binary-expr","locations":[{"start":{"line":109,"column":8},"end":{"line":109,"column":26}},{"start":{"line":109,"column":30},"end":{"line":109,"column":54}}]},"20":{"loc":{"start":{"line":115,"column":6},"end":{"line":115,"column":88}},"type":"if","locations":[{"start":{"line":115,"column":6},"end":{"line":115,"column":88}},{"start":{},"end":{}}]},"21":{"loc":{"start":{"line":124,"column":8},"end":{"line":143,"column":9}},"type":"if","locations":[{"start":{"line":124,"column":8},"end":{"line":143,"column":9}},{"start":{"line":132,"column":15},"end":{"line":143,"column":9}}]},"22":{"loc":{"start":{"line":125,"column":10},"end":{"line":127,"column":11}},"type":"if","locations":[{"start":{"line":125,"column":10},"end":{"line":127,"column":11}},{"start":{},"end":{}}]},"23":{"loc":{"start":{"line":133,"column":10},"end":{"line":135,"column":11}},"type":"if","locations":[{"start":{"line":133,"column":10},"end":{"line":135,"column":11}},{"start":{},"end":{}}]},"24":{"loc":{"start":{"line":175,"column":6},"end":{"line":177,"column":7}},"type":"if","locations":[{"start":{"line":175,"column":6},"end":{"line":177,"column":7}},{"start":{},"end":{}}]}},"s":{"0":14,"1":14,"2":14,"3":14,"4":5,"5":5,"6":5,"7":1,"8":4,"9":4,"10":4,"11":1,"12":3,"13":3,"14":3,"15":1,"16":2,"17":1,"18":1,"19":0,"20":0,"21":6,"22":6,"23":6,"24":1,"25":5,"26":1,"27":4,"28":4,"29":4,"30":1,"31":3,"32":3,"33":3,"34":1,"35":2,"36":2,"37":1,"38":1,"39":1,"40":0,"41":0,"42":6,"43":6,"44":6,"45":1,"46":5,"47":0,"48":5,"49":0,"50":5,"51":5,"52":5,"53":1,"54":4,"55":4,"56":4,"57":4,"58":2,"59":1,"60":1,"61":2,"62":1,"63":1,"64":2,"65":2,"66":0,"67":0,"68":2,"69":2,"70":2,"71":2,"72":1,"73":1,"74":0,"75":0,"76":14},"f":{"0":5,"1":3,"2":6,"3":3,"4":6,"5":4,"6":2},"b":{"0":[1,4],"1":[5,4],"2":[1,3],"3":[1,2],"4":[1,1],"5":[2,2],"6":[1,5],"7":[6,5],"8":[1,4],"9":[5,4],"10":[1,3],"11":[1,2],"12":[3,2],"13":[1,1],"14":[1,5],"15":[6,5],"16":[0,5],"17":[5,5],"18":[0,5],"19":[5,3],"20":[1,4],"21":[2,2],"22":[1,1],"23":[1,1],"24":[1,1]}}
,"/home/dev/Documentos/Github/app-barber/backend/src/controllers/ProfissionalController.ts": {"path":"/home/dev/Documentos/Github/app-barber/backend/src/controllers/ProfissionalController.ts","statementMap":{"0":{"start":{"line":2,"column":0},"end":{"line":2,"column":70}},"1":{"start":{"line":5,"column":34},"end":{"line":5,"column":59}},"2":{"start":{"line":7,"column":13},"end":{"line":15,"column":5}},"3":{"start":{"line":8,"column":8},"end":{"line":14,"column":9}},"4":{"start":{"line":9,"column":27},"end":{"line":9,"column":67}},"5":{"start":{"line":11,"column":12},"end":{"line":11,"column":48}},"6":{"start":{"line":13,"column":12},"end":{"line":13,"column":83}},"7":{"start":{"line":17,"column":12},"end":{"line":33,"column":5}},"8":{"start":{"line":18,"column":49},"end":{"line":18,"column":57}},"9":{"start":{"line":20,"column":8},"end":{"line":32,"column":9}},"10":{"start":{"line":21,"column":27},"end":{"line":26,"column":14}},"11":{"start":{"line":28,"column":12},"end":{"line":28,"column":48}},"12":{"start":{"line":31,"column":12},"end":{"line":31,"column":66}},"13":{"start":{"line":35,"column":13},"end":{"line":54,"column":5}},"14":{"start":{"line":36,"column":19},"end":{"line":36,"column":40}},"15":{"start":{"line":37,"column":49},"end":{"line":37,"column":57}},"16":{"start":{"line":39,"column":8},"end":{"line":53,"column":9}},"17":{"start":{"line":40,"column":27},"end":{"line":47,"column":null}},"18":{"start":{"line":50,"column":12},"end":{"line":50,"column":48}},"19":{"start":{"line":52,"column":12},"end":{"line":52,"column":78}},"20":{"start":{"line":56,"column":14},"end":{"line":66,"column":5}},"21":{"start":{"line":57,"column":19},"end":{"line":57,"column":40}},"22":{"start":{"line":59,"column":8},"end":{"line":65,"column":9}},"23":{"start":{"line":60,"column":27},"end":{"line":60,"column":68}},"24":{"start":{"line":62,"column":12},"end":{"line":62,"column":48}},"25":{"start":{"line":64,"column":12},"end":{"line":64,"column":66}},"26":{"start":{"line":4,"column":0},"end":{"line":4,"column":13}}},"fnMap":{"0":{"name":"(anonymous_0)","decl":{"start":{"line":7,"column":13},"end":{"line":7,"column":18}},"loc":{"start":{"line":7,"column":51},"end":{"line":15,"column":5}}},"1":{"name":"(anonymous_1)","decl":{"start":{"line":17,"column":12},"end":{"line":17,"column":17}},"loc":{"start":{"line":17,"column":50},"end":{"line":33,"column":5}}},"2":{"name":"(anonymous_2)","decl":{"start":{"line":35,"column":13},"end":{"line":35,"column":18}},"loc":{"start":{"line":35,"column":51},"end":{"line":54,"column":5}}},"3":{"name":"(anonymous_3)","decl":{"start":{"line":56,"column":14},"end":{"line":56,"column":19}},"loc":{"start":{"line":56,"column":52},"end":{"line":66,"column":5}}}},"branchMap":{},"s":{"0":14,"1":14,"2":14,"3":2,"4":2,"5":1,"6":1,"7":14,"8":2,"9":2,"10":2,"11":1,"12":1,"13":14,"14":2,"15":2,"16":2,"17":2,"18":1,"19":1,"20":14,"21":2,"22":2,"23":2,"24":1,"25":1,"26":14},"f":{"0":2,"1":2,"2":2,"3":2},"b":{}}
,"/home/dev/Documentos/Github/app-barber/backend/src/controllers/RelatorioController.ts": {"path":"/home/dev/Documentos/Github/app-barber/backend/src/controllers/RelatorioController.ts","statementMap":{"0":{"start":{"line":2,"column":0},"end":{"line":2,"column":64}},"1":{"start":{"line":5,"column":31},"end":{"line":5,"column":53}},"2":{"start":{"line":7,"column":21},"end":{"line":27,"column":5}},"3":{"start":{"line":8,"column":8},"end":{"line":26,"column":9}},"4":{"start":{"line":9,"column":47},"end":{"line":9,"column":56}},"5":{"start":{"line":11,"column":12},"end":{"line":13,"column":13}},"6":{"start":{"line":12,"column":16},"end":{"line":12,"column":100}},"7":{"start":{"line":15,"column":30},"end":{"line":15,"column":61}},"8":{"start":{"line":16,"column":28},"end":{"line":16,"column":57}},"9":{"start":{"line":19,"column":12},"end":{"line":19,"column":46}},"10":{"start":{"line":21,"column":27},"end":{"line":21,"column":92}},"11":{"start":{"line":23,"column":12},"end":{"line":23,"column":48}},"12":{"start":{"line":25,"column":12},"end":{"line":25,"column":66}},"13":{"start":{"line":4,"column":0},"end":{"line":4,"column":13}}},"fnMap":{"0":{"name":"(anonymous_0)","decl":{"start":{"line":7,"column":21},"end":{"line":7,"column":26}},"loc":{"start":{"line":7,"column":59},"end":{"line":27,"column":5}}}},"branchMap":{"0":{"loc":{"start":{"line":11,"column":12},"end":{"line":13,"column":13}},"type":"if","locations":[{"start":{"line":11,"column":12},"end":{"line":13,"column":13}},{"start":{},"end":{}}]},"1":{"loc":{"start":{"line":11,"column":16},"end":{"line":11,"column":42}},"type":"binary-expr","locations":[{"start":{"line":11,"column":16},"end":{"line":11,"column":28}},{"start":{"line":11,"column":32},"end":{"line":11,"column":42}}]}},"s":{"0":14,"1":14,"2":14,"3":2,"4":2,"5":2,"6":1,"7":1,"8":1,"9":1,"10":1,"11":1,"12":0,"13":14},"f":{"0":2},"b":{"0":[1,1],"1":[2,1]}}
,"/home/dev/Documentos/Github/app-barber/backend/src/controllers/TemaController.ts": {"path":"/home/dev/Documentos/Github/app-barber/backend/src/controllers/TemaController.ts","statementMap":{"0":{"start":{"line":2,"column":0},"end":{"line":2,"column":44}},"1":{"start":{"line":4,"column":13},"end":{"line":46,"column":2}},"2":{"start":{"line":7,"column":4},"end":{"line":34,"column":5}},"3":{"start":{"line":8,"column":19},"end":{"line":8,"column":44}},"4":{"start":{"line":10,"column":22},"end":{"line":12,"column":8}},"5":{"start":{"line":14,"column":6},"end":{"line":17,"column":7}},"6":{"start":{"line":15,"column":8},"end":{"line":15,"column":66}},"7":{"start":{"line":16,"column":8},"end":{"line":16,"column":15}},"8":{"start":{"line":20,"column":19},"end":{"line":28,"column":8}},"9":{"start":{"line":30,"column":6},"end":{"line":30,"column":33}},"10":{"start":{"line":32,"column":6},"end":{"line":32,"column":51}},"11":{"start":{"line":33,"column":6},"end":{"line":33,"column":72}},"12":{"start":{"line":39,"column":4},"end":{"line":44,"column":5}},"13":{"start":{"line":40,"column":6},"end":{"line":40,"column":93}},"14":{"start":{"line":42,"column":6},"end":{"line":42,"column":54}},"15":{"start":{"line":43,"column":6},"end":{"line":43,"column":75}}},"fnMap":{"0":{"name":"(anonymous_0)","decl":{"start":{"line":6,"column":2},"end":{"line":6,"column":7}},"loc":{"start":{"line":6,"column":45},"end":{"line":35,"column":3}}},"1":{"name":"(anonymous_1)","decl":{"start":{"line":38,"column":2},"end":{"line":38,"column":7}},"loc":{"start":{"line":38,"column":42},"end":{"line":45,"column":3}}}},"branchMap":{"0":{"loc":{"start":{"line":14,"column":6},"end":{"line":17,"column":7}},"type":"if","locations":[{"start":{"line":14,"column":6},"end":{"line":17,"column":7}},{"start":{},"end":{}}]}},"s":{"0":14,"1":14,"2":2,"3":2,"4":2,"5":2,"6":1,"7":1,"8":1,"9":1,"10":0,"11":0,"12":1,"13":1,"14":0,"15":0},"f":{"0":2,"1":1},"b":{"0":[1,1]}}
,"/home/dev/Documentos/Github/app-barber/backend/src/controllers/TransacaoController.ts": {"path":"/home/dev/Documentos/Github/app-barber/backend/src/controllers/TransacaoController.ts","statementMap":{"0":{"start":{"line":2,"column":0},"end":{"line":2,"column":64}},"1":{"start":{"line":5,"column":31},"end":{"line":5,"column":53}},"2":{"start":{"line":7,"column":13},"end":{"line":14,"column":5}},"3":{"start":{"line":8,"column":8},"end":{"line":13,"column":9}},"4":{"start":{"line":9,"column":27},"end":{"line":9,"column":64}},"5":{"start":{"line":10,"column":12},"end":{"line":10,"column":48}},"6":{"start":{"line":12,"column":12},"end":{"line":12,"column":80}},"7":{"start":{"line":16,"column":12},"end":{"line":36,"column":5}},"8":{"start":{"line":17,"column":135},"end":{"line":17,"column":143}},"9":{"start":{"line":19,"column":8},"end":{"line":35,"column":9}},"10":{"start":{"line":20,"column":27},"end":{"line":30,"column":14}},"11":{"start":{"line":32,"column":12},"end":{"line":32,"column":48}},"12":{"start":{"line":34,"column":12},"end":{"line":34,"column":66}},"13":{"start":{"line":38,"column":13},"end":{"line":53,"column":5}},"14":{"start":{"line":39,"column":19},"end":{"line":39,"column":40}},"15":{"start":{"line":40,"column":66},"end":{"line":40,"column":74}},"16":{"start":{"line":42,"column":8},"end":{"line":52,"column":9}},"17":{"start":{"line":43,"column":27},"end":{"line":48,"column":14}},"18":{"start":{"line":49,"column":12},"end":{"line":49,"column":48}},"19":{"start":{"line":51,"column":12},"end":{"line":51,"column":66}},"20":{"start":{"line":55,"column":14},"end":{"line":64,"column":5}},"21":{"start":{"line":56,"column":19},"end":{"line":56,"column":40}},"22":{"start":{"line":58,"column":8},"end":{"line":63,"column":9}},"23":{"start":{"line":59,"column":27},"end":{"line":59,"column":65}},"24":{"start":{"line":60,"column":12},"end":{"line":60,"column":48}},"25":{"start":{"line":62,"column":12},"end":{"line":62,"column":66}},"26":{"start":{"line":4,"column":0},"end":{"line":4,"column":13}}},"fnMap":{"0":{"name":"(anonymous_0)","decl":{"start":{"line":7,"column":13},"end":{"line":7,"column":18}},"loc":{"start":{"line":7,"column":51},"end":{"line":14,"column":5}}},"1":{"name":"(anonymous_1)","decl":{"start":{"line":16,"column":12},"end":{"line":16,"column":17}},"loc":{"start":{"line":16,"column":50},"end":{"line":36,"column":5}}},"2":{"name":"(anonymous_2)","decl":{"start":{"line":38,"column":13},"end":{"line":38,"column":18}},"loc":{"start":{"line":38,"column":51},"end":{"line":53,"column":5}}},"3":{"name":"(anonymous_3)","decl":{"start":{"line":55,"column":14},"end":{"line":55,"column":19}},"loc":{"start":{"line":55,"column":52},"end":{"line":64,"column":5}}}},"branchMap":{},"s":{"0":14,"1":14,"2":14,"3":2,"4":2,"5":1,"6":1,"7":14,"8":7,"9":7,"10":7,"11":2,"12":5,"13":14,"14":2,"15":2,"16":2,"17":2,"18":1,"19":1,"20":14,"21":2,"22":2,"23":2,"24":1,"25":1,"26":14},"f":{"0":2,"1":7,"2":2,"3":2},"b":{}}
,"/home/dev/Documentos/Github/app-barber/backend/src/controllers/authController.ts": {"path":"/home/dev/Documentos/Github/app-barber/backend/src/controllers/authController.ts","statementMap":{"0":{"start":{"line":2,"column":0},"end":{"line":2,"column":54}},"1":{"start":{"line":5,"column":26},"end":{"line":5,"column":43}},"2":{"start":{"line":6,"column":12},"end":{"line":15,"column":5}},"3":{"start":{"line":7,"column":33},"end":{"line":7,"column":41}},"4":{"start":{"line":9,"column":8},"end":{"line":14,"column":9}},"5":{"start":{"line":10,"column":27},"end":{"line":10,"column":69}},"6":{"start":{"line":11,"column":12},"end":{"line":11,"column":48}},"7":{"start":{"line":13,"column":12},"end":{"line":13,"column":66}},"8":{"start":{"line":4,"column":0},"end":{"line":4,"column":13}}},"fnMap":{"0":{"name":"(anonymous_0)","decl":{"start":{"line":6,"column":12},"end":{"line":6,"column":17}},"loc":{"start":{"line":6,"column":50},"end":{"line":15,"column":5}}}},"branchMap":{},"s":{"0":14,"1":14,"2":14,"3":4,"4":4,"5":4,"6":1,"7":3,"8":14},"f":{"0":4},"b":{}}
,"/home/dev/Documentos/Github/app-barber/backend/src/database/tenantContext.ts": {"path":"/home/dev/Documentos/Github/app-barber/backend/src/database/tenantContext.ts","statementMap":{"0":{"start":{"line":1,"column":0},"end":{"line":1,"column":48}},"1":{"start":{"line":7,"column":13},"end":{"line":7,"column":68}}},"fnMap":{},"branchMap":{},"s":{"0":15,"1":15},"f":{},"b":{}}
,"/home/dev/Documentos/Github/app-barber/backend/src/middleware/auth.ts": {"path":"/home/dev/Documentos/Github/app-barber/backend/src/middleware/auth.ts","statementMap":{"0":{"start":{"line":11,"column":0},"end":{"line":11,"column":16}},"1":{"start":{"line":37,"column":0},"end":{"line":37,"column":16}},"2":{"start":{"line":2,"column":0},"end":{"line":2,"column":38}},"3":{"start":{"line":3,"column":0},"end":{"line":3,"column":58}},"4":{"start":{"line":12,"column":23},"end":{"line":12,"column":48}},"5":{"start":{"line":14,"column":4},"end":{"line":15,"column":70}},"6":{"start":{"line":15,"column":8},"end":{"line":15,"column":70}},"7":{"start":{"line":17,"column":22},"end":{"line":17,"column":43}},"8":{"start":{"line":19,"column":4},"end":{"line":21,"column":5}},"9":{"start":{"line":20,"column":8},"end":{"line":20,"column":70}},"10":{"start":{"line":23,"column":4},"end":{"line":34,"column":5}},"11":{"start":{"line":24,"column":24},"end":{"line":24,"column":82}},"12":{"start":{"line":25,"column":8},"end":{"line":25,"column":34}},"13":{"start":{"line":28,"column":8},"end":{"line":30,"column":11}},"14":{"start":{"line":29,"column":12},"end":{"line":29,"column":19}},"15":{"start":{"line":32,"column":8},"end":{"line":32,"column":47}},"16":{"start":{"line":33,"column":8},"end":{"line":33,"column":112}},"17":{"start":{"line":38,"column":17},"end":{"line":38,"column":43}},"18":{"start":{"line":40,"column":4},"end":{"line":42,"column":5}},"19":{"start":{"line":41,"column":8},"end":{"line":41,"column":113}},"20":{"start":{"line":44,"column":4},"end":{"line":44,"column":18}}},"fnMap":{"0":{"name":"isAuth","decl":{"start":{"line":11,"column":16},"end":{"line":11,"column":22}},"loc":{"start":{"line":11,"column":70},"end":{"line":35,"column":1}}},"1":{"name":"(anonymous_1)","decl":{"start":{"line":28,"column":60},"end":{"line":28,"column":63}},"loc":{"start":{"line":28,"column":65},"end":{"line":30,"column":9}}},"2":{"name":"isAdmin","decl":{"start":{"line":37,"column":16},"end":{"line":37,"column":23}},"loc":{"start":{"line":37,"column":71},"end":{"line":45,"column":1}}}},"branchMap":{"0":{"loc":{"start":{"line":14,"column":4},"end":{"line":15,"column":70}},"type":"if","locations":[{"start":{"line":14,"column":4},"end":{"line":15,"column":70}},{"start":{},"end":{}}]},"1":{"loc":{"start":{"line":19,"column":4},"end":{"line":21,"column":5}},"type":"if","locations":[{"start":{"line":19,"column":4},"end":{"line":21,"column":5}},{"start":{},"end":{}}]},"2":{"loc":{"start":{"line":33,"column":73},"end":{"line":33,"column":108}},"type":"binary-expr","locations":[{"start":{"line":33,"column":73},"end":{"line":33,"column":85}},{"start":{"line":33,"column":89},"end":{"line":33,"column":108}}]},"3":{"loc":{"start":{"line":40,"column":4},"end":{"line":42,"column":5}},"type":"if","locations":[{"start":{"line":40,"column":4},"end":{"line":42,"column":5}},{"start":{},"end":{}}]},"4":{"loc":{"start":{"line":40,"column":8},"end":{"line":40,"column":40}},"type":"binary-expr","locations":[{"start":{"line":40,"column":8},"end":{"line":40,"column":13}},{"start":{"line":40,"column":17},"end":{"line":40,"column":40}}]}},"s":{"0":15,"1":15,"2":15,"3":15,"4":82,"5":82,"6":2,"7":80,"8":80,"9":1,"10":79,"11":79,"12":78,"13":78,"14":78,"15":1,"16":1,"17":5,"18":5,"19":2,"20":3},"f":{"0":82,"1":78,"2":5},"b":{"0":[2,80],"1":[1,79],"2":[1,0],"3":[2,3],"4":[5,5]}}
,"/home/dev/Documentos/Github/app-barber/backend/src/middleware/errorHandler.ts": {"path":"/home/dev/Documentos/Github/app-barber/backend/src/middleware/errorHandler.ts","statementMap":{"0":{"start":{"line":2,"column":0},"end":{"line":2,"column":45}},"1":{"start":{"line":4,"column":28},"end":{"line":21,"column":1}},"2":{"start":{"line":5,"column":2},"end":{"line":10,"column":3}},"3":{"start":{"line":6,"column":4},"end":{"line":9,"column":7}},"4":{"start":{"line":13,"column":2},"end":{"line":13,"column":42}},"5":{"start":{"line":15,"column":23},"end":{"line":15,"column":60}},"6":{"start":{"line":17,"column":2},"end":{"line":20,"column":5}},"7":{"start":{"line":4,"column":13},"end":{"line":4,"column":28}}},"fnMap":{"0":{"name":"(anonymous_0)","decl":{"start":{"line":4,"column":28},"end":{"line":4,"column":29}},"loc":{"start":{"line":4,"column":92},"end":{"line":21,"column":1}}}},"branchMap":{"0":{"loc":{"start":{"line":5,"column":2},"end":{"line":10,"column":3}},"type":"if","locations":[{"start":{"line":5,"column":2},"end":{"line":10,"column":3}},{"start":{},"end":{}}]},"1":{"loc":{"start":{"line":19,"column":13},"end":{"line":19,"column":94}},"type":"cond-expr","locations":[{"start":{"line":19,"column":28},"end":{"line":19,"column":51}},{"start":{"line":19,"column":55},"end":{"line":19,"column":93}}]},"2":{"loc":{"start":{"line":19,"column":55},"end":{"line":19,"column":93}},"type":"binary-expr","locations":[{"start":{"line":19,"column":55},"end":{"line":19,"column":66}},{"start":{"line":19,"column":70},"end":{"line":19,"column":93}}]}},"s":{"0":1,"1":1,"2":3,"3":1,"4":2,"5":2,"6":2,"7":1},"f":{"0":3},"b":{"0":[1,2],"1":[1,1],"2":[1,0]}}
,"/home/dev/Documentos/Github/app-barber/backend/src/routes/routes.ts": {"path":"/home/dev/Documentos/Github/app-barber/backend/src/routes/routes.ts","statementMap":{"0":{"start":{"line":1,"column":0},"end":{"line":1,"column":33}},"1":{"start":{"line":2,"column":0},"end":{"line":2,"column":78}},"2":{"start":{"line":3,"column":0},"end":{"line":3,"column":79}},"3":{"start":{"line":4,"column":0},"end":{"line":4,"column":68}},"4":{"start":{"line":5,"column":0},"end":{"line":5,"column":73}},"5":{"start":{"line":6,"column":0},"end":{"line":6,"column":71}},"6":{"start":{"line":7,"column":0},"end":{"line":7,"column":65}},"7":{"start":{"line":8,"column":0},"end":{"line":8,"column":53}},"8":{"start":{"line":9,"column":0},"end":{"line":9,"column":63}},"9":{"start":{"line":10,"column":0},"end":{"line":10,"column":75}},"10":{"start":{"line":11,"column":0},"end":{"line":11,"column":63}},"11":{"start":{"line":12,"column":0},"end":{"line":12,"column":83}},"12":{"start":{"line":13,"column":0},"end":{"line":13,"column":75}},"13":{"start":{"line":14,"column":0},"end":{"line":14,"column":73}},"14":{"start":{"line":15,"column":0},"end":{"line":15,"column":77}},"15":{"start":{"line":16,"column":0},"end":{"line":16,"column":75}},"16":{"start":{"line":18,"column":15},"end":{"line":18,"column":23}},"17":{"start":{"line":108,"column":9},"end":{"line":108,"column":15}},"18":{"start":{"line":19,"column":31},"end":{"line":19,"column":59}},"19":{"start":{"line":20,"column":31},"end":{"line":20,"column":59}},"20":{"start":{"line":21,"column":26},"end":{"line":21,"column":49}},"21":{"start":{"line":22,"column":28},"end":{"line":22,"column":53}},"22":{"start":{"line":23,"column":27},"end":{"line":23,"column":51}},"23":{"start":{"line":24,"column":24},"end":{"line":24,"column":45}},"24":{"start":{"line":25,"column":23},"end":{"line":25,"column":43}},"25":{"start":{"line":26,"column":29},"end":{"line":26,"column":55}},"26":{"start":{"line":27,"column":33},"end":{"line":27,"column":63}},"27":{"start":{"line":28,"column":29},"end":{"line":28,"column":55}},"28":{"start":{"line":29,"column":28},"end":{"line":29,"column":53}},"29":{"start":{"line":30,"column":30},"end":{"line":30,"column":57}},"30":{"start":{"line":31,"column":29},"end":{"line":31,"column":55}},"31":{"start":{"line":34,"column":0},"end":{"line":34,"column":68}},"32":{"start":{"line":35,"column":0},"end":{"line":35,"column":68}},"33":{"start":{"line":36,"column":0},"end":{"line":36,"column":72}},"34":{"start":{"line":37,"column":0},"end":{"line":37,"column":76}},"35":{"start":{"line":40,"column":0},"end":{"line":40,"column":65}},"36":{"start":{"line":41,"column":0},"end":{"line":41,"column":58}},"37":{"start":{"line":42,"column":0},"end":{"line":42,"column":58}},"38":{"start":{"line":43,"column":0},"end":{"line":43,"column":62}},"39":{"start":{"line":44,"column":0},"end":{"line":44,"column":66}},"40":{"start":{"line":47,"column":0},"end":{"line":47,"column":60}},"41":{"start":{"line":48,"column":0},"end":{"line":48,"column":60}},"42":{"start":{"line":49,"column":0},"end":{"line":49,"column":64}},"43":{"start":{"line":50,"column":0},"end":{"line":50,"column":68}},"44":{"start":{"line":53,"column":0},"end":{"line":53,"column":62}},"45":{"start":{"line":54,"column":0},"end":{"line":54,"column":62}},"46":{"start":{"line":55,"column":0},"end":{"line":55,"column":66}},"47":{"start":{"line":56,"column":0},"end":{"line":56,"column":70}},"48":{"start":{"line":59,"column":0},"end":{"line":59,"column":73}},"49":{"start":{"line":60,"column":0},"end":{"line":60,"column":73}},"50":{"start":{"line":61,"column":0},"end":{"line":61,"column":77}},"51":{"start":{"line":62,"column":0},"end":{"line":62,"column":81}},"52":{"start":{"line":65,"column":0},"end":{"line":65,"column":65}},"53":{"start":{"line":66,"column":0},"end":{"line":66,"column":64}},"54":{"start":{"line":67,"column":0},"end":{"line":67,"column":68}},"55":{"start":{"line":68,"column":0},"end":{"line":68,"column":72}},"56":{"start":{"line":69,"column":0},"end":{"line":69,"column":75}},"57":{"start":{"line":70,"column":0},"end":{"line":70,"column":66}},"58":{"start":{"line":71,"column":0},"end":{"line":71,"column":79}},"59":{"start":{"line":72,"column":0},"end":{"line":72,"column":103}},"60":{"start":{"line":73,"column":0},"end":{"line":73,"column":88}},"61":{"start":{"line":76,"column":0},"end":{"line":76,"column":80}},"62":{"start":{"line":80,"column":0},"end":{"line":80,"column":69}},"63":{"start":{"line":83,"column":0},"end":{"line":83,"column":79}},"64":{"start":{"line":84,"column":0},"end":{"line":84,"column":86}},"65":{"start":{"line":86,"column":0},"end":{"line":86,"column":null}},"66":{"start":{"line":90,"column":0},"end":{"line":90,"column":61}},"67":{"start":{"line":93,"column":0},"end":{"line":93,"column":52}},"68":{"start":{"line":96,"column":0},"end":{"line":96,"column":94}},"69":{"start":{"line":97,"column":0},"end":{"line":97,"column":66}},"70":{"start":{"line":98,"column":0},"end":{"line":98,"column":66}},"71":{"start":{"line":99,"column":0},"end":{"line":99,"column":84}},"72":{"start":{"line":100,"column":0},"end":{"line":100,"column":74}},"73":{"start":{"line":103,"column":0},"end":{"line":103,"column":69}},"74":{"start":{"line":104,"column":0},"end":{"line":104,"column":79}},"75":{"start":{"line":105,"column":0},"end":{"line":105,"column":68}},"76":{"start":{"line":106,"column":0},"end":{"line":106,"column":74}}},"fnMap":{},"branchMap":{},"s":{"0":14,"1":14,"2":14,"3":14,"4":14,"5":14,"6":14,"7":14,"8":14,"9":14,"10":14,"11":14,"12":14,"13":14,"14":14,"15":14,"16":14,"17":14,"18":14,"19":14,"20":14,"21":14,"22":14,"23":14,"24":14,"25":14,"26":14,"27":14,"28":14,"29":14,"30":14,"31":14,"32":14,"33":14,"34":14,"35":14,"36":14,"37":14,"38":14,"39":14,"40":14,"41":14,"42":14,"43":14,"44":14,"45":14,"46":14,"47":14,"48":14,"49":14,"50":14,"51":14,"52":14,"53":14,"54":14,"55":14,"56":14,"57":14,"58":14,"59":14,"60":14,"61":14,"62":14,"63":14,"64":14,"65":14,"66":14,"67":14,"68":14,"69":14,"70":14,"71":14,"72":14,"73":14,"74":14,"75":14,"76":14},"f":{},"b":{}}
,"/home/dev/Documentos/Github/app-barber/backend/src/services/AgendamentoService.ts": {"path":"/home/dev/Documentos/Github/app-barber/backend/src/services/AgendamentoService.ts","statementMap":{"0":{"start":{"line":1,"column":0},"end":{"line":1,"column":44}},"1":{"start":{"line":2,"column":0},"end":{"line":2,"column":59}},"2":{"start":{"line":3,"column":0},"end":{"line":3,"column":58}},"3":{"start":{"line":4,"column":0},"end":{"line":4,"column":26}},"4":{"start":{"line":5,"column":0},"end":{"line":5,"column":35}},"5":{"start":{"line":6,"column":0},"end":{"line":6,"column":45}},"6":{"start":{"line":15,"column":31},"end":{"line":15,"column":33}},"7":{"start":{"line":17,"column":8},"end":{"line":19,"column":9}},"8":{"start":{"line":18,"column":12},"end":{"line":18,"column":56}},"9":{"start":{"line":21,"column":8},"end":{"line":23,"column":9}},"10":{"start":{"line":22,"column":12},"end":{"line":22,"column":46}},"11":{"start":{"line":25,"column":8},"end":{"line":28,"column":9}},"12":{"start":{"line":26,"column":12},"end":{"line":26,"column":61}},"13":{"start":{"line":27,"column":12},"end":{"line":27,"column":55}},"14":{"start":{"line":30,"column":29},"end":{"line":38,"column":10}},"15":{"start":{"line":40,"column":8},"end":{"line":40,"column":28}},"16":{"start":{"line":58,"column":31},"end":{"line":58,"column":60}},"17":{"start":{"line":59,"column":28},"end":{"line":59,"column":54}},"18":{"start":{"line":61,"column":35},"end":{"line":61,"column":68}},"19":{"start":{"line":62,"column":8},"end":{"line":64,"column":9}},"20":{"start":{"line":63,"column":12},"end":{"line":63,"column":103}},"21":{"start":{"line":66,"column":8},"end":{"line":68,"column":9}},"22":{"start":{"line":67,"column":12},"end":{"line":67,"column":82}},"23":{"start":{"line":71,"column":22},"end":{"line":71,"column":46}},"24":{"start":{"line":72,"column":26},"end":{"line":72,"column":42}},"25":{"start":{"line":74,"column":8},"end":{"line":74,"column":79}},"26":{"start":{"line":74,"column":24},"end":{"line":74,"column":79}},"27":{"start":{"line":76,"column":36},"end":{"line":76,"column":51}},"28":{"start":{"line":78,"column":8},"end":{"line":156,"column":11}},"29":{"start":{"line":81,"column":32},"end":{"line":93,"column":14}},"30":{"start":{"line":95,"column":12},"end":{"line":97,"column":13}},"31":{"start":{"line":96,"column":16},"end":{"line":96,"column":124}},"32":{"start":{"line":100,"column":12},"end":{"line":128,"column":13}},"33":{"start":{"line":101,"column":16},"end":{"line":103,"column":17}},"34":{"start":{"line":102,"column":20},"end":{"line":102,"column":99}},"35":{"start":{"line":104,"column":40},"end":{"line":107,"column":18}},"36":{"start":{"line":109,"column":16},"end":{"line":111,"column":17}},"37":{"start":{"line":110,"column":20},"end":{"line":110,"column":104}},"38":{"start":{"line":113,"column":16},"end":{"line":124,"column":17}},"39":{"start":{"line":114,"column":36},"end":{"line":114,"column":91}},"40":{"start":{"line":114,"column":71},"end":{"line":114,"column":90}},"41":{"start":{"line":115,"column":20},"end":{"line":118,"column":21}},"42":{"start":{"line":116,"column":37},"end":{"line":116,"column":106}},"43":{"start":{"line":117,"column":24},"end":{"line":117,"column":115}},"44":{"start":{"line":120,"column":20},"end":{"line":123,"column":23}},"45":{"start":{"line":126,"column":28},"end":{"line":126,"column":63}},"46":{"start":{"line":127,"column":16},"end":{"line":127,"column":104}},"47":{"start":{"line":131,"column":36},"end":{"line":150,"column":14}},"48":{"start":{"line":141,"column":64},"end":{"line":143,"column":26}},"49":{"start":{"line":152,"column":12},"end":{"line":152,"column":35}},"50":{"start":{"line":160,"column":28},"end":{"line":163,"column":10}},"51":{"start":{"line":164,"column":8},"end":{"line":164,"column":73}},"52":{"start":{"line":164,"column":26},"end":{"line":164,"column":73}},"53":{"start":{"line":166,"column":32},"end":{"line":166,"column":42}},"54":{"start":{"line":168,"column":8},"end":{"line":173,"column":9}},"55":{"start":{"line":169,"column":24},"end":{"line":169,"column":34}},"56":{"start":{"line":170,"column":12},"end":{"line":172,"column":13}},"57":{"start":{"line":171,"column":16},"end":{"line":171,"column":45}},"58":{"start":{"line":175,"column":8},"end":{"line":214,"column":11}},"59":{"start":{"line":177,"column":12},"end":{"line":206,"column":13}},"60":{"start":{"line":178,"column":40},"end":{"line":178,"column":109}},"61":{"start":{"line":179,"column":16},"end":{"line":205,"column":17}},"62":{"start":{"line":180,"column":44},"end":{"line":182,"column":22}},"63":{"start":{"line":184,"column":20},"end":{"line":204,"column":21}},"64":{"start":{"line":185,"column":24},"end":{"line":199,"column":25}},"65":{"start":{"line":186,"column":44},"end":{"line":192,"column":30}},"66":{"start":{"line":193,"column":28},"end":{"line":198,"column":29}},"67":{"start":{"line":194,"column":32},"end":{"line":197,"column":35}},"68":{"start":{"line":200,"column":43},"end":{"line":200,"column":64}},"69":{"start":{"line":201,"column":24},"end":{"line":203,"column":41}},"70":{"start":{"line":208,"column":42},"end":{"line":211,"column":14}},"71":{"start":{"line":213,"column":12},"end":{"line":213,"column":41}},"72":{"start":{"line":218,"column":8},"end":{"line":220,"column":11}},"73":{"start":{"line":224,"column":8},"end":{"line":224,"column":26}},"74":{"start":{"line":225,"column":8},"end":{"line":225,"column":31}},"75":{"start":{"line":228,"column":27},"end":{"line":228,"column":88}},"76":{"start":{"line":229,"column":24},"end":{"line":229,"column":85}},"77":{"start":{"line":231,"column":29},"end":{"line":247,"column":10}},"78":{"start":{"line":250,"column":29},"end":{"line":250,"column":30}},"79":{"start":{"line":251,"column":31},"end":{"line":251,"column":33}},"80":{"start":{"line":253,"column":43},"end":{"line":253,"column":45}},"81":{"start":{"line":254,"column":25},"end":{"line":254,"column":63}},"82":{"start":{"line":255,"column":35},"end":{"line":255,"column":72}},"83":{"start":{"line":257,"column":33},"end":{"line":257,"column":106}},"84":{"start":{"line":260,"column":8},"end":{"line":287,"column":9}},"85":{"start":{"line":260,"column":24},"end":{"line":260,"column":36}},"86":{"start":{"line":261,"column":12},"end":{"line":286,"column":13}},"87":{"start":{"line":262,"column":34},"end":{"line":262,"column":102}},"88":{"start":{"line":263,"column":32},"end":{"line":263,"column":90}},"89":{"start":{"line":266,"column":16},"end":{"line":268,"column":17}},"90":{"start":{"line":267,"column":20},"end":{"line":267,"column":29}},"91":{"start":{"line":271,"column":16},"end":{"line":273,"column":17}},"92":{"start":{"line":272,"column":20},"end":{"line":272,"column":29}},"93":{"start":{"line":276,"column":35},"end":{"line":280,"column":18}},"94":{"start":{"line":277,"column":36},"end":{"line":277,"column":63}},"95":{"start":{"line":278,"column":34},"end":{"line":278,"column":58}},"96":{"start":{"line":279,"column":20},"end":{"line":279,"column":66}},"97":{"start":{"line":282,"column":16},"end":{"line":285,"column":17}},"98":{"start":{"line":283,"column":42},"end":{"line":283,"column":117}},"99":{"start":{"line":284,"column":20},"end":{"line":284,"column":57}},"100":{"start":{"line":289,"column":8},"end":{"line":289,"column":32}},"101":{"start":{"line":8,"column":0},"end":{"line":8,"column":13}}},"fnMap":{"0":{"name":"(anonymous_1)","decl":{"start":{"line":14,"column":4},"end":{"line":14,"column":9}},"loc":{"start":{"line":14,"column":95},"end":{"line":41,"column":5}}},"1":{"name":"(anonymous_2)","decl":{"start":{"line":47,"column":4},"end":{"line":47,"column":9}},"loc":{"start":{"line":57,"column":5},"end":{"line":157,"column":5}}},"2":{"name":"(anonymous_3)","decl":{"start":{"line":78,"column":41},"end":{"line":78,"column":46}},"loc":{"start":{"line":78,"column":54},"end":{"line":153,"column":9}}},"3":{"name":"(anonymous_4)","decl":{"start":{"line":114,"column":66},"end":{"line":114,"column":67}},"loc":{"start":{"line":114,"column":71},"end":{"line":114,"column":90}}},"4":{"name":"(anonymous_5)","decl":{"start":{"line":141,"column":53},"end":{"line":141,"column":59}},"loc":{"start":{"line":141,"column":64},"end":{"line":143,"column":26}}},"5":{"name":"(anonymous_6)","decl":{"start":{"line":159,"column":4},"end":{"line":159,"column":9}},"loc":{"start":{"line":159,"column":61},"end":{"line":215,"column":5}}},"6":{"name":"(anonymous_7)","decl":{"start":{"line":175,"column":41},"end":{"line":175,"column":46}},"loc":{"start":{"line":175,"column":54},"end":{"line":214,"column":9}}},"7":{"name":"(anonymous_8)","decl":{"start":{"line":217,"column":4},"end":{"line":217,"column":9}},"loc":{"start":{"line":217,"column":28},"end":{"line":221,"column":5}}},"8":{"name":"(anonymous_9)","decl":{"start":{"line":223,"column":4},"end":{"line":223,"column":9}},"loc":{"start":{"line":223,"column":92},"end":{"line":290,"column":5}}},"9":{"name":"(anonymous_10)","decl":{"start":{"line":276,"column":53},"end":{"line":276,"column":55}},"loc":{"start":{"line":276,"column":58},"end":{"line":280,"column":17}}}},"branchMap":{"0":{"loc":{"start":{"line":17,"column":8},"end":{"line":19,"column":9}},"type":"if","locations":[{"start":{"line":17,"column":8},"end":{"line":19,"column":9}},{"start":{},"end":{}}]},"1":{"loc":{"start":{"line":21,"column":8},"end":{"line":23,"column":9}},"type":"if","locations":[{"start":{"line":21,"column":8},"end":{"line":23,"column":9}},{"start":{},"end":{}}]},"2":{"loc":{"start":{"line":25,"column":8},"end":{"line":28,"column":9}},"type":"if","locations":[{"start":{"line":25,"column":8},"end":{"line":28,"column":9}},{"start":{},"end":{}}]},"3":{"loc":{"start":{"line":25,"column":12},"end":{"line":25,"column":33}},"type":"binary-expr","locations":[{"start":{"line":25,"column":12},"end":{"line":25,"column":22}},{"start":{"line":25,"column":26},"end":{"line":25,"column":33}}]},"4":{"loc":{"start":{"line":62,"column":8},"end":{"line":64,"column":9}},"type":"if","locations":[{"start":{"line":62,"column":8},"end":{"line":64,"column":9}},{"start":{},"end":{}}]},"5":{"loc":{"start":{"line":62,"column":12},"end":{"line":62,"column":110}},"type":"binary-expr","locations":[{"start":{"line":62,"column":12},"end":{"line":62,"column":37}},{"start":{"line":62,"column":41},"end":{"line":62,"column":71}},{"start":{"line":62,"column":75},"end":{"line":62,"column":110}}]},"6":{"loc":{"start":{"line":66,"column":8},"end":{"line":68,"column":9}},"type":"if","locations":[{"start":{"line":66,"column":8},"end":{"line":68,"column":9}},{"start":{},"end":{}}]},"7":{"loc":{"start":{"line":74,"column":8},"end":{"line":74,"column":79}},"type":"if","locations":[{"start":{"line":74,"column":8},"end":{"line":74,"column":79}},{"start":{},"end":{}}]},"8":{"loc":{"start":{"line":95,"column":12},"end":{"line":97,"column":13}},"type":"if","locations":[{"start":{"line":95,"column":12},"end":{"line":97,"column":13}},{"start":{},"end":{}}]},"9":{"loc":{"start":{"line":100,"column":12},"end":{"line":128,"column":13}},"type":"if","locations":[{"start":{"line":100,"column":12},"end":{"line":128,"column":13}},{"start":{},"end":{}}]},"10":{"loc":{"start":{"line":101,"column":16},"end":{"line":103,"column":17}},"type":"if","locations":[{"start":{"line":101,"column":16},"end":{"line":103,"column":17}},{"start":{},"end":{}}]},"11":{"loc":{"start":{"line":109,"column":16},"end":{"line":111,"column":17}},"type":"if","locations":[{"start":{"line":109,"column":16},"end":{"line":111,"column":17}},{"start":{},"end":{}}]},"12":{"loc":{"start":{"lin
[...]
mn":52}},"41":{"start":{"line":127,"column":32},"end":{"line":127,"column":77}},"42":{"start":{"line":129,"column":12},"end":{"line":163,"column":13}},"43":{"start":{"line":130,"column":15},"end":{"line":130,"column":38}},"44":{"start":{"line":131,"column":15},"end":{"line":133,"column":16}},"45":{"start":{"line":132,"column":19},"end":{"line":132,"column":124}},"46":{"start":{"line":135,"column":41},"end":{"line":135,"column":111}},"47":{"start":{"line":135,"column":76},"end":{"line":135,"column":110}},"48":{"start":{"line":137,"column":15},"end":{"line":139,"column":16}},"49":{"start":{"line":138,"column":19},"end":{"line":138,"column":106}},"50":{"start":{"line":141,"column":15},"end":{"line":143,"column":16}},"51":{"start":{"line":142,"column":19},"end":{"line":142,"column":151}},"52":{"start":{"line":146,"column":36},"end":{"line":146,"column":98}},"53":{"start":{"line":146,"column":68},"end":{"line":146,"column":97}},"54":{"start":{"line":147,"column":15},"end":{"line":154,"column":16}},"55":{"start":{"line":148,"column":19},"end":{"line":148,"column":76}},"56":{"start":{"line":150,"column":19},"end":{"line":153,"column":22}},"57":{"start":{"line":157,"column":34},"end":{"line":157,"column":67}},"58":{"start":{"line":158,"column":41},"end":{"line":158,"column":95}},"59":{"start":{"line":158,"column":72},"end":{"line":158,"column":91}},"60":{"start":{"line":159,"column":35},"end":{"line":159,"column":81}},"61":{"start":{"line":161,"column":41},"end":{"line":161,"column":100}},"62":{"start":{"line":162,"column":15},"end":{"line":162,"column":45}},"63":{"start":{"line":166,"column":12},"end":{"line":168,"column":13}},"64":{"start":{"line":167,"column":16},"end":{"line":167,"column":68}},"65":{"start":{"line":170,"column":12},"end":{"line":176,"column":null}},"66":{"start":{"line":179,"column":31},"end":{"line":179,"column":52}},"67":{"start":{"line":187,"column":26},"end":{"line":217,"column":10}},"68":{"start":{"line":188,"column":24},"end":{"line":203,"column":14}},"69":{"start":{"line":205,"column":12},"end":{"line":212,"column":13}},"70":{"start":{"line":206,"column":16},"end":{"line":211,"column":17}},"71":{"start":{"line":207,"column":20},"end":{"line":210,"column":23}},"72":{"start":{"line":214,"column":12},"end":{"line":214,"column":57}},"73":{"start":{"line":216,"column":12},"end":{"line":216,"column":23}},"74":{"start":{"line":219,"column":8},"end":{"line":219,"column":25}},"75":{"start":{"line":231,"column":26},"end":{"line":233,"column":10}},"76":{"start":{"line":235,"column":8},"end":{"line":236,"column":63}},"77":{"start":{"line":236,"column":12},"end":{"line":236,"column":63}},"78":{"start":{"line":238,"column":23},"end":{"line":268,"column":10}},"79":{"start":{"line":239,"column":28},"end":{"line":258,"column":14}},"80":{"start":{"line":260,"column":12},"end":{"line":260,"column":61}},"81":{"start":{"line":263,"column":12},"end":{"line":265,"column":13}},"82":{"start":{"line":264,"column":16},"end":{"line":264,"column":67}},"83":{"start":{"line":267,"column":12},"end":{"line":267,"column":27}},"84":{"start":{"line":270,"column":8},"end":{"line":270,"column":22}},"85":{"start":{"line":274,"column":26},"end":{"line":276,"column":10}},"86":{"start":{"line":278,"column":8},"end":{"line":279,"column":64}},"87":{"start":{"line":279,"column":12},"end":{"line":279,"column":64}},"88":{"start":{"line":281,"column":8},"end":{"line":285,"column":11}},"89":{"start":{"line":282,"column":12},"end":{"line":282,"column":78}},"90":{"start":{"line":283,"column":12},"end":{"line":283,"column":57}},"91":{"start":{"line":284,"column":12},"end":{"line":284,"column":63}},"92":{"start":{"line":287,"column":8},"end":{"line":287,"column":70}},"93":{"start":{"line":6,"column":0},"end":{"line":6,"column":13}}},"fnMap":{"0":{"name":"(anonymous_0)","decl":{"start":{"line":7,"column":4},"end":{"line":7,"column":9}},"loc":{"start":{"line":7,"column":17},"end":{"line":24,"column":5}}},"1":{"name":"(anonymous_1)","decl":{"start":{"line":26,"column":12},"end":{"line":26,"column":17}},"loc":{"start":{"line":26,"column":69},"end":{"line":77,"column":5}}},"2":{"name":"(anonymous_2)","decl":{"start":{"line":49,"column":32},"end":{"line":49,"column":33}},"loc":{"start":{"line":49,"column":43},"end":{"line":55,"column":9}}},"3":{"name":"(anonymous_3)","decl":{"start":{"line":79,"column":4},"end":{"line":79,"column":9}},"loc":{"start":{"line":89,"column":5},"end":{"line":220,"column":5}}},"4":{"name":"(anonymous_4)","decl":{"start":{"line":98,"column":42},"end":{"line":98,"column":46}},"loc":{"start":{"line":98,"column":50},"end":{"line":98,"column":61}}},"5":{"name":"(anonymous_5)","decl":{"start":{"line":123,"column":52},"end":{"line":123,"column":66}},"loc":{"start":{"line":123,"column":69},"end":{"line":177,"column":9}}},"6":{"name":"(anonymous_6)","decl":{"start":{"line":124,"column":43},"end":{"line":124,"column":44}},"loc":{"start":{"line":124,"column":60},"end":{"line":124,"column":94}}},"7":{"name":"(anonymous_7)","decl":{"start":{"line":135,"column":71},"end":{"line":135,"column":72}},"loc":{"start":{"line":135,"column":76},"end":{"line":135,"column":110}}},"8":{"name":"(anonymous_8)","decl":{"start":{"line":146,"column":63},"end":{"line":146,"column":64}},"loc":{"start":{"line":146,"column":68},"end":{"line":146,"column":97}}},"9":{"name":"(anonymous_9)","decl":{"start":{"line":158,"column":59},"end":{"line":158,"column":60}},"loc":{"start":{"line":158,"column":72},"end":{"line":158,"column":91}}},"10":{"name":"(anonymous_10)","decl":{"start":{"line":187,"column":52},"end":{"line":187,"column":57}},"loc":{"start":{"line":187,"column":65},"end":{"line":217,"column":9}}},"11":{"name":"(anonymous_11)","decl":{"start":{"line":222,"column":4},"end":{"line":222,"column":9}},"loc":{"start":{"line":230,"column":5},"end":{"line":271,"column":5}}},"12":{"name":"(anonymous_12)","decl":{"start":{"line":238,"column":49},"end":{"line":238,"column":54}},"loc":{"start":{"line":238,"column":62},"end":{"line":268,"column":9}}},"13":{"name":"(anonymous_13)","decl":{"start":{"line":273,"column":4},"end":{"line":273,"column":9}},"loc":{"start":{"line":273,"column":27},"end":{"line":288,"column":5}}},"14":{"name":"(anonymous_14)","decl":{"start":{"line":281,"column":34},"end":{"line":281,"column":39}},"loc":{"start":{"line":281,"column":47},"end":{"line":285,"column":9}}}},"branchMap":{"0":{"loc":{"start":{"line":28,"column":8},"end":{"line":28,"column":38}},"type":"if","locations":[{"start":{"line":28,"column":8},"end":{"line":28,"column":38}},{"start":{},"end":{}}]},"1":{"loc":{"start":{"line":50,"column":12},"end":{"line":54,"column":13}},"type":"if","locations":[{"start":{"line":50,"column":12},"end":{"line":54,"column":13}},{"start":{"line":52,"column":19},"end":{"line":54,"column":13}}]},"2":{"loc":{"start":{"line":94,"column":8},"end":{"line":96,"column":9}},"type":"if","locations":[{"start":{"line":94,"column":8},"end":{"line":96,"column":9}},{"start":{},"end":{}}]},"3":{"loc":{"start":{"line":94,"column":12},"end":{"line":94,"column":52}},"type":"binary-expr","locations":[{"start":{"line":94,"column":12},"end":{"line":94,"column":33}},{"start":{"line":94,"column":37},"end":{"line":94,"column":52}}]},"4":{"loc":{"start":{"line":98,"column":25},"end":{"line":98,"column":36}},"type":"binary-expr","locations":[{"start":{"line":98,"column":25},"end":{"line":98,"column":30}},{"start":{"line":98,"column":34},"end":{"line":98,"column":36}}]},"5":{"loc":{"start":{"line":100,"column":24},"end":{"line":102,"column":16}},"type":"cond-expr","locations":[{"start":{"line":101,"column":14},"end":{"line":101,"column":84}},{"start":{"line":102,"column":14},"end":{"line":102,"column":16}}]},"6":{"loc":{"start":{"line":104,"column":8},"end":{"line":105,"column":91}},"type":"if","locations":[{"start":{"line":104,"column":8},"end":{"line":105,"column":91}},{"start":{},"end":{}}]},"7":{"loc":{"start":{"line":104,"column":12},"end":{"line":104,"column":52}},"type":"binary-expr","locations":[{"start":{"line":104,"column":12},"end":{"line":104,"column":17}},{"start":{"line":104,"column":21},"end":{"line":104,"column":52}}]},"8":{"loc":{"start":{"line":107,"column":25},"end":{"line":107,"column":40}},"type":"binary-expr","locations":[{"start":{"line":107,"column":25},"end":{"line":107,"column":35}},{"start":{"line":107,"column":39},"end":{"line":107,"column":40}}]},"9":{"loc":{"start":{"line":111,"column":8},"end":{"line":119,"column":9}},"type":"if","locations":[{"start":{"line":111,"column":8},"end":{"line":119,"column":9}},{"start":{},"end":{}}]},"10":{"loc":{"start":{"line":123,"column":35},"end":{"line":123,"column":46}},"type":"binary-expr","locations":[{"start":{"line":123,"column":35},"end":{"line":123,"column":40}},{"start":{"line":123,"column":44},"end":{"line":123,"column":46}}]},"11":{"loc":{"start":{"line":127,"column":32},"end":{"line":127,"column":77}},"type":"binary-expr","locations":[{"start":{"line":127,"column":32},"end":{"line":127,"column":68}},{"start":{"line":127,"column":72},"end":{"line":127,"column":77}}]},"12":{"loc":{"start":{"line":129,"column":12},"end":{"line":163,"column":13}},"type":"if","locations":[{"start":{"line":129,"column":12},"end":{"line":163,"column":13}},{"start":{},"end":{}}]},"13":{"loc":{"start":{"line":131,"column":15},"end":{"line":133,"column":16}},"type":"if","locations":[{"start":{"line":131,"column":15},"end":{"line":133,"column":16}},{"start":{},"end":{}}]},"14":{"loc":{"start":{"line":137,"column":15},"end":{"line":139,"column":16}},"type":"if","locations":[{"start":{"line":137,"column":15},"end":{"line":139,"column":16}},{"start":{},"end":{}}]},"15":{"loc":{"start":{"line":141,"column":15},"end":{"line":143,"column":16}},"type":"if","locations":[{"start":{"line":141,"column":15},"end":{"line":143,"column":16}},{"start":{},"end":{}}]},"16":{"loc":{"start":{"line":147,"column":15},"end":{"line":154,"column":16}},"type":"if","locations":[{"start":{"line":147,"column":15},"end":{"line":154,"column":16}},{"start":{"line":149,"column":22},"end":{"line":154,"column":16}}]},"17":{"loc":{"start":{"line":157,"column":34},"end":{"line":157,"column":67}},"type":"binary-expr","locations":[{"start":{"line":157,"column":34},"end":{"line":157,"column":61}},{"start":{"line":157,"column":65},"end":{"line":157,"column":67}}]},"18":{"loc":{"start":{"line":159,"column":42},"end":{"line":159,"column":80}},"type":"binary-expr","locations":[{"start":{"line":159,"column":42},"end":{"line":159,"column":75}},{"start":{"line":159,"column":79},"end":{"line":159,"column":80}}]},"19":{"loc":{"start":{"line":161,"column":41},"end":{"line":161,"column":100}},"type":"cond-expr","locations":[{"start":{"line":161,"column":65},"end":{"line":161,"column":96}},{"start":{"line":161,"column":99},"end":{"line":161,"column":100}}]},"20":{"loc":{"start":{"line":166,"column":12},"end":{"line":168,"column":13}},"type":"if","locations":[{"start":{"line":166,"column":12},"end":{"line":168,"column":13}},{"start":{},"end":{}}]},"21":{"loc":{"start":{"line":175,"column":27},"end":{"line":175,"column":48}},"type":"binary-expr","locations":[{"start":{"line":175,"column":27},"end":{"line":175,"column":43}},{"start":{"line":175,"column":47},"end":{"line":175,"column":48}}]},"22":{"loc":{"start":{"line":179,"column":31},"end":{"line":179,"column":52}},"type":"binary-expr","locations":[{"start":{"line":179,"column":31},"end":{"line":179,"column":47}},{"start":{"line":179,"column":51},"end":{"line":179,"column":52}}]},"23":{"loc":{"start":{"line":193,"column":26},"end":{"line":193,"column":82}},"type":"cond-expr","locations":[{"start":{"line":193,"column":44},"end":{"line":193,"column":69}},{"start":{"line":193,"column":72},"end":{"line":193,"column":82}}]},"24":{"loc":{"start":{"line":195,"column":36},"end":{"line":195,"column":58}},"type":"binary-expr","locations":[{"start":{"line":195,"column":36},"end":{"line":195,"column":50}},{"start":{"line":195,"column":54},"end":{"line":195,"column":58}}]},"25":{"loc":{"start":{"line":196,"column":31},"end":{"line":196,"column":48}},"type":"binary-expr","locations":[{"start":{"line":196,"column":31},"end":{"line":196,"column":40}},{"start":{"line":196,"column":44},"end":{"line":196,"column":48}}]},"26":{"loc":{"start":{"line":197,"column":38},"end":{"line":197,"column":62}},"type":"binary-expr","locations":[{"start":{"line":197,"column":38},"end":{"line":197,"column":54}},{"start":{"line":197,"column":58},"end":{"line":197,"column":62}}]},"27":{"loc":{"start":{"line":198,"column":38},"end":{"line":198,"column":62}},"type":"binary-expr","locations":[{"start":{"line":198,"column":38},"end":{"line":198,"column":54}},{"start":{"line":198,"column":58},"end":{"line":198,"column":62}}]},"28":{"loc":{"start":{"line":205,"column":12},"end":{"line":212,"column":13}},"type":"if","locations":[{"start":{"line":205,"column":12},"end":{"line":212,"column":13}},{"start":{},"end":{}}]},"29":{"loc":{"start":{"line":205,"column":16},"end":{"line":205,"column":67}},"type":"binary-expr","locations":[{"start":{"line":205,"column":16},"end":{"line":205,"column":31}},{"start":{"line":205,"column":35},"end":{"line":205,"column":67}}]},"30":{"loc":{"start":{"line":235,"column":8},"end":{"line":236,"column":63}},"type":"if","locations":[{"start":{"line":235,"column":8},"end":{"line":236,"column":63}},{"start":{},"end":{}}]},"31":{"loc":{"start":{"line":242,"column":24},"end":{"line":242,"column":83}},"type":"binary-expr","locations":[{"start":{"line":242,"column":24},"end":{"line":242,"column":44}},{"start":{"line":242,"column":48},"end":{"line":242,"column":83}}]},"32":{"loc":{"start":{"line":243,"column":24},"end":{"line":243,"column":100}},"type":"binary-expr","locations":[{"start":{"line":243,"column":24},"end":{"line":243,"column":59}},{"start":{"line":243,"column":63},"end":{"line":243,"column":100}}]},"33":{"loc":{"start":{"line":244,"column":24},"end":{"line":244,"column":101}},"type":"binary-expr","locations":[{"start":{"line":244,"column":24},"end":{"line":244,"column":50}},{"start":{"line":244,"column":54},"end":{"line":244,"column":101}}]},"34":{"loc":{"start":{"line":245,"column":24},"end":{"line":245,"column":98}},"type":"binary-expr","locations":[{"start":{"line":245,"column":24},"end":{"line":245,"column":49}},{"start":{"line":245,"column":53},"end":{"line":245,"column":98}}]},"35":{"loc":{"start":{"line":246,"column":24},"end":{"line":246,"column":83}},"type":"binary-expr","locations":[{"start":{"line":246,"column":24},"end":{"line":246,"column":44}},{"start":{"line":246,"column":48},"end":{"line":246,"column":83}}]},"36":{"loc":{"start":{"line":247,"column":24},"end":{"line":247,"column":104}},"type":"binary-expr","locations":[{"start":{"line":247,"column":24},"end":{"line":247,"column":51}},{"start":{"line":247,"column":55},"end":{"line":247,"column":104}}]},"37":{"loc":{"start":{"line":248,"column":24},"end":{"line":248,"column":78}},"type":"binary-expr","locations":[{"start":{"line":248,"column":24},"end":{"line":248,"column":39}},{"start":{"line":248,"column":43},"end":{"line":248,"column":78}}]},"38":{"loc":{"start":{"line":263,"column":12},"end":{"line":265,"column":13}},"type":"if","locations":[{"start":{"line":263,"column":12},"end":{"line":265,"column":13}},{"start":{},"end":{}}]},"39":{"loc":{"start":{"line":263,"column":16},"end":{"line":263,"column":99}},"type":"binary-expr","locations":[{"start":{"line":263,"column":16},"end":{"line":263,"column":31}},{"start":{"line":263,"column":35},"end":{"line":263,"column":99}}]},"40":{"loc":{"start":{"line":278,"column":8},"end":{"line":279,"column":64}},"type":"if","locations":[{"start":{"line":278,"column":8},"end":{"line":279,"column":64}},{"start":{},"end":{}}]}},"s":{"0":14,"1":14,"2":14,"3":14,"4":2,"5":1,"6":3,"7":3,"8":3,"9":0,"10":0,"11":0,"12":0,"13":0,"14":0,"15":0,"16":0,"17":0,"18":0,"19":0,"20":0,"21":0,"22":7,"23":7,"24":7,"25":1,"26":6,"27":6,"28":6,"29":6,"30":1,"31":5,"32":5,"33":5,"34":5,"35":5,"36":5,"37":5,"38":5,"39":5,"40":5,"41":5,"42":5,"43":4,"44":4,"45":1,"46":3,"47":3,"48":3,"49":1,"50":2,"51":1,"52":1,"53":0,"54":1,"55":0,"56":1,"57":1,"58":1,"59":1,"60":1,"61":1,"62":1,"63":2,"64":1,"65":2,"66":2,"67":2,"68":2,"69":2,"70":1,"71":1,"72":2,"73":2,"74":2,"75":2,"76":2,"77":1,"78":1,"79":1,"80":1,"81":1,"82":0,"83":1,"84":1,"85":2,"86":2,"87":1,"88":1,"89":0,"90":0,"91":0,"92":1,"93":14},"f":{"0":2,"1":3,"2":0,"3":7,"4":6,"5":5,"6":5,"7":3,"8":0,"9":1,"10":2,"11":2,"12":1,"13":2,"14":0},"b":{"0":[3,0],"1":[0,0],"2":[1,6],"3":[7,7],"4":[6,0],"5":[6,0],"6":[1,5],"7":[6,6],"8":[5,5],"9":[5,0],"10":[5,0],"11":[5,1],"12":[4,1],"13":[1,3],"14":[1,2],"15":[1,1],"16":[0,1],"17":[1,0],"18":[1,0],"19":[1,0],"20":[1,1],"21":[2,2],"22":[2,2],"23":[0,2],"24":[2,0],"25":[2,0],"26":[2,2],"27":[2,2],"28":[1,1],"29":[2,1],"30":[1,1],"31":[1,1],"32":[1,1],"33":[1,0],"34":[1,0],"35":[1,0],"36":[1,0],"37":[1,0],"38":[0,1],"39":[1,0],"40":[1,1]}}
,"/home/dev/Documentos/Github/app-barber/backend/src/services/authService.ts": {"path":"/home/dev/Documentos/Github/app-barber/backend/src/services/authService.ts","statementMap":{"0":{"start":{"line":1,"column":0},"end":{"line":1,"column":58}},"1":{"start":{"line":2,"column":0},"end":{"line":2,"column":35}},"2":{"start":{"line":3,"column":0},"end":{"line":3,"column":36}},"3":{"start":{"line":8,"column":29},"end":{"line":16,"column":10}},"4":{"start":{"line":18,"column":8},"end":{"line":19,"column":57}},"5":{"start":{"line":19,"column":12},"end":{"line":19,"column":57}},"6":{"start":{"line":21,"column":26},"end":{"line":21,"column":71}},"7":{"start":{"line":22,"column":8},"end":{"line":23,"column":57}},"8":{"start":{"line":23,"column":12},"end":{"line":23,"column":57}},"9":{"start":{"line":25,"column":35},"end":{"line":25,"column":78}},"10":{"start":{"line":27,"column":22},"end":{"line":34,"column":null}},"11":{"start":{"line":37,"column":8},"end":{"line":48,"column":10}},"12":{"start":{"line":5,"column":0},"end":{"line":5,"column":13}}},"fnMap":{"0":{"name":"(anonymous_0)","decl":{"start":{"line":6,"column":4},"end":{"line":6,"column":9}},"loc":{"start":{"line":6,"column":49},"end":{"line":49,"column":5}}}},"branchMap":{"0":{"loc":{"start":{"line":18,"column":8},"end":{"line":19,"column":57}},"type":"if","locations":[{"start":{"line":18,"column":8},"end":{"line":19,"column":57}},{"start":{},"end":{}}]},"1":{"loc":{"start":{"line":22,"column":8},"end":{"line":23,"column":57}},"type":"if","locations":[{"start":{"line":22,"column":8},"end":{"line":23,"column":57}},{"start":{},"end":{}}]},"2":{"loc":{"start":{"line":44,"column":30},"end":{"line":44,"column":75}},"type":"binary-expr","locations":[{"start":{"line":44,"column":30},"end":{"line":44,"column":64}},{"start":{"line":44,"column":68},"end":{"line":44,"column":75}}]},"3":{"loc":{"start":{"line":46,"column":29},"end":{"line":46,"column":79}},"type":"binary-expr","locations":[{"start":{"line":46,"column":29},"end":{"line":46,"column":66}},{"start":{"line":46,"column":70},"end":{"line":46,"column":79}}]}},"s":{"0":14,"1":14,"2":14,"3":4,"4":4,"5":2,"6":2,"7":2,"8":1,"9":1,"10":1,"11":1,"12":14},"f":{"0":4},"b":{"0":[2,2],"1":[1,1],"2":[1,1],"3":[1,1]}}
,"/home/dev/Documentos/Github/app-barber/backend/src/utils/AppError.ts": {"path":"/home/dev/Documentos/Github/app-barber/backend/src/utils/AppError.ts","statementMap":{"0":{"start":{"line":5,"column":4},"end":{"line":5,"column":19}},"1":{"start":{"line":6,"column":4},"end":{"line":6,"column":33}},"2":{"start":{"line":7,"column":4},"end":{"line":7,"column":52}},"3":{"start":{"line":1,"column":0},"end":{"line":1,"column":13}}},"fnMap":{"0":{"name":"(anonymous_0)","decl":{"start":{"line":4,"column":2},"end":{"line":4,"column":14}},"loc":{"start":{"line":4,"column":55},"end":{"line":8,"column":3}}}},"branchMap":{"0":{"loc":{"start":{"line":4,"column":31},"end":{"line":4,"column":55}},"type":"default-arg","locations":[{"start":{"line":4,"column":52},"end":{"line":4,"column":55}}]}},"s":{"0":8,"1":8,"2":8,"3":15},"f":{"0":8},"b":{"0":[0]}}
}
