TN:
SF:src/controllers/AgendamentoController.ts
FN:9,(anonymous_0)
FN:30,(anonymous_1)
FN:50,(anonymous_2)
FN:63,(anonymous_3)
FN:90,(anonymous_4)
FN:106,(anonymous_5)
FNF:6
FNH:6
FNDA:1,(anonymous_0)
FNDA:2,(anonymous_1)
FNDA:2,(anonymous_2)
FNDA:1,(anonymous_3)
FNDA:1,(anonymous_4)
FNDA:1,(anonymous_5)
DA:2,14
DA:3,14
DA:4,14
DA:6,14
DA:7,14
DA:9,14
DA:10,1
DA:11,1
DA:13,1
DA:14,1
DA:15,1
DA:17,1
DA:24,1
DA:26,0
DA:30,14
DA:31,2
DA:32,2
DA:34,2
DA:35,0
DA:38,2
DA:39,2
DA:41,2
DA:42,2
DA:43,2
DA:45,2
DA:50,2
DA:57,1
DA:59,1
DA:63,14
DA:64,1
DA:65,1
DA:66,1
DA:68,1
DA:69,0
DA:72,1
DA:73,1
DA:75,0
DA:78,0
DA:79,0
DA:83,1
DA:84,1
DA:86,0
DA:90,14
DA:91,1
DA:92,1
DA:94,1
DA:95,1
DA:96,0
DA:99,1
DA:100,1
DA:102,0
DA:106,14
DA:107,1
DA:108,1
DA:110,1
DA:111,0
DA:114,1
DA:120,1
DA:122,0
LF:59
LH:48
BRDA:15,0,0,0
BRDA:15,0,1,1
BRDA:18,1,0,0
BRDA:18,1,1,1
BRDA:19,2,0,0
BRDA:19,2,1,1
BRDA:20,3,0,0
BRDA:20,3,1,1
BRDA:34,4,0,0
BRDA:34,4,1,2
BRDA:34,5,0,2
BRDA:34,5,1,2
BRDA:34,5,2,2
BRDA:34,5,3,2
BRDA:41,6,0,0
BRDA:41,6,1,2
BRDA:41,7,0,2
BRDA:41,7,1,0
BRDA:42,8,0,0
BRDA:42,8,1,2
BRDA:51,9,0,0
BRDA:51,9,1,2
BRDA:51,10,0,0
BRDA:51,10,1,0
BRDA:68,11,0,0
BRDA:68,11,1,1
BRDA:68,12,0,1
BRDA:68,12,1,1
BRDA:73,13,0,0
BRDA:73,13,1,1
BRDA:78,14,0,0
BRDA:78,14,1,0
BRDA:78,15,0,0
BRDA:78,15,1,0
BRDA:95,16,0,0
BRDA:95,16,1,1
BRDA:110,17,0,0
BRDA:110,17,1,1
BRDA:110,18,0,1
BRDA:110,18,1,1
BRDA:110,18,2,1
BRF:41
BRH:22
end_of_record
TN:
SF:src/controllers/AssinaturaController.ts
FN:8,(anonymous_0)
FN:17,(anonymous_1)
FN:26,(anonymous_2)
FN:36,(anonymous_3)
FN:46,(anonymous_4)
FN:60,(anonymous_5)
FN:70,(anonymous_6)
FN:79,(anonymous_7)
FN:94,(anonymous_8)
FNF:9
FNH:9
FNDA:2,(anonymous_0)
FNDA:2,(anonymous_1)
FNDA:2,(anonymous_2)
FNDA:2,(anonymous_3)
FNDA:3,(anonymous_4)
FNDA:2,(anonymous_5)
FNDA:2,(anonymous_6)
FNDA:3,(anonymous_7)
FNDA:2,(anonymous_8)
DA:2,14
DA:4,14
DA:6,14
DA:9,2
DA:10,2
DA:11,1
DA:13,1
DA:18,2
DA:19,2
DA:20,1
DA:22,1
DA:27,2
DA:28,2
DA:29,2
DA:30,1
DA:32,1
DA:37,2
DA:38,2
DA:39,2
DA:40,1
DA:42,1
DA:47,3
DA:48,3
DA:49,3
DA:50,1
DA:51,1
DA:53,2
DA:54,1
DA:56,1
DA:61,2
DA:62,2
DA:63,2
DA:64,2
DA:66,0
DA:71,2
DA:72,2
DA:73,1
DA:75,1
DA:80,3
DA:81,3
DA:82,3
DA:83,3
DA:84,1
DA:85,1
DA:87,2
DA:88,1
DA:90,1
DA:94,14
DA:95,2
DA:96,2
DA:97,2
DA:98,1
DA:100,1
DA:101,1
DA:103,0
LF:55
LH:53
BRDA:49,0,0,1
BRDA:49,0,1,2
BRDA:49,1,0,3
BRDA:49,1,1,3
BRDA:49,1,2,2
BRDA:83,2,0,1
BRDA:83,2,1,2
BRDA:97,3,0,1
BRDA:97,3,1,1
BRDA:97,4,0,2
BRDA:97,4,1,2
BRDA:97,4,2,1
BRF:12
BRH:12
end_of_record
TN:
SF:src/controllers/CaixaController.ts
FN:7,(anonymous_0)
FNF:1
FNH:1
FNDA:2,(anonymous_0)
DA:2,14
DA:4,14
DA:5,14
DA:7,14
DA:8,2
DA:10,2
DA:11,2
DA:12,1
DA:14,1
LF:9
LH:9
BRF:0
BRH:0
end_of_record
TN:
SF:src/controllers/CategoriaCustoController.ts
FN:7,(anonymous_0)
FN:16,(anonymous_1)
FN:26,(anonymous_2)
FN:37,(anonymous_3)
FNF:4
FNH:4
FNDA:1,(anonymous_0)
FNDA:1,(anonymous_1)
FNDA:1,(anonymous_2)
FNDA:1,(anonymous_3)
DA:2,14
DA:4,14
DA:5,14
DA:7,14
DA:8,1
DA:9,1
DA:10,1
DA:12,0
DA:16,14
DA:17,1
DA:18,1
DA:19,1
DA:20,1
DA:22,0
DA:26,14
DA:27,1
DA:28,1
DA:29,1
DA:30,1
DA:31,1
DA:33,0
DA:37,14
DA:38,1
DA:39,1
DA:40,1
DA:41,1
DA:43,0
LF:27
LH:23
BRF:0
BRH:0
end_of_record
TN:
SF:src/controllers/ClienteController.ts
FN:7,(anonymous_0)
FN:17,(anonymous_1)
FN:29,(anonymous_2)
FN:44,(anonymous_3)
FN:63,(anonymous_4)
FNF:5
FNH:4
FNDA:1,(anonymous_0)
FNDA:0,(anonymous_1)
FNDA:2,(anonymous_2)
FNDA:3,(anonymous_3)
FNDA:2,(anonymous_4)
DA:2,14
DA:4,14
DA:5,14
DA:7,14
DA:8,1
DA:9,1
DA:11,1
DA:13,0
DA:17,14
DA:18,0
DA:19,0
DA:20,0
DA:22,0
DA:23,0
DA:25,0
DA:29,14
DA:30,2
DA:32,2
DA:33,2
DA:38,1
DA:40,1
DA:44,14
DA:45,3
DA:46,3
DA:48,3
DA:49,3
DA:57,1
DA:59,2
DA:63,14
DA:64,2
DA:66,2
DA:67,2
DA:68,1
DA:70,1
LF:34
LH:27
BRDA:20,0,0,0
BRDA:20,0,1,0
BRDA:36,1,0,0
BRDA:36,1,1,2
BRDA:36,2,0,2
BRDA:36,2,1,0
BRDA:36,2,2,0
BRDA:54,3,0,0
BRDA:54,3,1,3
BRDA:54,4,0,3
BRDA:54,4,1,0
BRDA:54,4,2,0
BRF:12
BRH:4
end_of_record
TN:
SF:src/controllers/ComissaoController.ts
FN:6,(anonymous_0)
FNF:1
FNH:1
FNDA:2,(anonymous_0)
DA:2,14
DA:4,14
DA:5,14
DA:6,14
DA:7,2
DA:10,2
DA:11,2
DA:13,2
DA:14,0
DA:17,2
DA:18,2
DA:19,1
DA:21,1
LF:13
LH:12
BRDA:13,0,0,0
BRDA:13,0,1,2
BRDA:13,1,0,2
BRDA:13,1,1,2
BRDA:13,1,2,2
BRF:5
BRH:4
end_of_record
TN:
SF:src/controllers/FinanceiroController.ts
FN:7,(anonymous_0)
FNF:1
FNH:1
FNDA:1,(anonymous_0)
DA:2,14
DA:4,14
DA:5,14
DA:7,14
DA:8,1
DA:9,1
DA:11,1
DA:12,0
DA:15,1
DA:16,1
DA:19,1
DA:21,1
DA:23,1
DA:25,0
LF:14
LH:12
BRDA:11,0,0,0
BRDA:11,0,1,1
BRDA:11,1,0,1
BRDA:11,1,1,1
BRF:4
BRH:3
end_of_record
TN:
SF:src/controllers/ItemCatalogoController.ts
FN:6,(anonymous_0)
FN:16,(anonymous_1)
FN:34,(anonymous_2)
FN:56,(anonymous_3)
FNF:4
FNH:4
FNDA:2,(anonymous_0)
FNDA:1,(anonymous_1)
FNDA:2,(anonymous_2)
FNDA:2,(anonymous_3)
DA:2,14
DA:4,14
DA:5,14
DA:6,14
DA:7,2
DA:8,2
DA:10,1
DA:12,1
DA:16,14
DA:17,1
DA:19,1
DA:20,1
DA:28,1
DA:30,0
DA:34,14
DA:35,2
DA:36,2
DA:38,2
DA:39,2
DA:50,1
DA:52,1
DA:56,14
DA:57,2
DA:59,2
DA:60,2
DA:62,1
DA:64,1
LF:27
LH:26
BRF:0
BRH:0
end_of_record
TN:
SF:src/controllers/PortalAuthController.ts
FN:8,(anonymous_1)
FN:26,(anonymous_2)
FN:53,(anonymous_3)
FN:68,(anonymous_4)
FN:99,(anonymous_5)
FN:119,(anonymous_6)
FN:162,(anonymous_7)
FNF:7
FNH:7
FNDA:5,(anonymous_1)
FNDA:3,(anonymous_2)
FNDA:6,(anonymous_3)
FNDA:3,(anonymous_4)
FNDA:6,(anonymous_5)
FNDA:4,(anonymous_6)
FNDA:2,(anonymous_7)
DA:2,14
DA:3,14
DA:4,14
DA:5,14
DA:7,14
DA:9,5
DA:10,5
DA:12,5
DA:13,1
DA:16,4
DA:17,4
DA:21,4
DA:22,1
DA:26,3
DA:27,3
DA:33,3
DA:34,1
DA:37,2
DA:38,1
DA:45,1
DA:48,0
DA:49,0
DA:54,6
DA:55,6
DA:57,6
DA:58,1
DA:60,5
DA:61,1
DA:64,4
DA:65,4
DA:66,4
DA:68,3
DA:69,3
DA:73,3
DA:74,1
DA:77,2
DA:78,2
DA:79,1
DA:82,1
DA:88,1
DA:94,0
DA:95,0
DA:100,6
DA:101,6
DA:103,6
DA:104,1
DA:106,5
DA:107,0
DA:109,5
DA:110,0
DA:113,5
DA:114,5
DA:115,5
DA:117,4
DA:119,4
DA:120,4
DA:124,4
DA:125,2
DA:126,1
DA:128,1
DA:133,2
DA:134,1
DA:136,1
DA:145,2
DA:151,2
DA:157,0
DA:158,0
DA:163,2
DA:165,2
DA:166,2
DA:175,2
DA:176,1
DA:179,1
DA:181,0
DA:182,0
LF:75
LH:65
BRDA:12,0,0,1
BRDA:12,0,1,4
BRDA:12,1,0,5
BRDA:12,1,1,4
BRDA:21,2,0,1
BRDA:21,2,1,3
BRDA:33,3,0,1
BRDA:33,3,1,2
BRDA:37,4,0,1
BRDA:37,4,1,1
BRDA:37,5,0,2
BRDA:37,5,1,2
BRDA:57,6,0,1
BRDA:57,6,1,5
BRDA:57,7,0,6
BRDA:57,7,1,5
BRDA:60,8,0,1
BRDA:60,8,1,4
BRDA:60,9,0,5
BRDA:60,9,1,4
BRDA:66,10,0,1
BRDA:66,10,1,3
BRDA:73,11,0,1
BRDA:73,11,1,2
BRDA:73,12,0,3
BRDA:73,12,1,2
BRDA:78,13,0,1
BRDA:78,13,1,1
BRDA:103,14,0,1
BRDA:103,14,1,5
BRDA:103,15,0,6
BRDA:103,15,1,5
BRDA:106,16,0,0
BRDA:106,16,1,5
BRDA:106,17,0,5
BRDA:106,17,1,5
BRDA:109,18,0,0
BRDA:109,18,1,5
BRDA:109,19,0,5
BRDA:109,19,1,3
BRDA:115,20,0,1
BRDA:115,20,1,4
BRDA:124,21,0,2
BRDA:124,21,1,2
BRDA:125,22,0,1
BRDA:125,22,1,1
BRDA:133,23,0,1
BRDA:133,23,1,1
BRDA:175,24,0,1
BRDA:175,24,1,1
BRF:50
BRH:48
end_of_record
TN:
SF:src/controllers/ProfissionalController.ts
FN:7,(anonymous_0)
FN:17,(anonymous_1)
FN:35,(anonymous_2)
FN:56,(anonymous_3)
FNF:4
FNH:4
FNDA:2,(anonymous_0)
FNDA:2,(anonymous_1)
FNDA:2,(anonymous_2)
FNDA:2,(anonymous_3)
DA:2,14
DA:4,14
DA:5,14
DA:7,14
DA:8,2
DA:9,2
DA:11,1
DA:13,1
DA:17,14
DA:18,2
DA:20,2
DA:21,2
DA:28,1
DA:31,1
DA:35,14
DA:36,2
DA:37,2
DA:39,2
DA:40,2
DA:50,1
DA:52,1
DA:56,14
DA:57,2
DA:59,2
DA:60,2
DA:62,1
DA:64,1
LF:27
LH:27
BRF:0
BRH:0
end_of_record
TN:
SF:src/controllers/RelatorioController.ts
FN:7,(anonymous_0)
FNF:1
FNH:1
FNDA:2,(anonymous_0)
DA:2,14
DA:4,14
DA:5,14
DA:7,14
DA:8,2
DA:9,2
DA:11,2
DA:12,1
DA:15,1
DA:16,1
DA:19,1
DA:21,1
DA:23,1
DA:25,0
LF:14
LH:13
BRDA:11,0,0,1
BRDA:11,0,1,1
BRDA:11,1,0,2
BRDA:11,1,1,1
BRF:4
BRH:4
end_of_record
TN:
SF:src/controllers/TemaController.ts
FN:6,(anonymous_0)
FN:38,(anonymous_1)
FNF:2
FNH:2
FNDA:2,(anonymous_0)
FNDA:1,(anonymous_1)
DA:2,14
DA:4,14
DA:7,2
DA:8,2
DA:10,2
DA:14,2
DA:15,1
DA:16,1
DA:20,1
DA:30,1
DA:32,0
DA:33,0
DA:39,1
DA:40,1
DA:42,0
DA:43,0
LF:16
LH:12
BRDA:14,0,0,1
BRDA:14,0,1,1
BRF:2
BRH:2
end_of_record
TN:
SF:src/controllers/TransacaoController.ts
FN:7,(anonymous_0)
FN:16,(anonymous_1)
FN:38,(anonymous_2)
FN:55,(anonymous_3)
FNF:4
FNH:4
FNDA:2,(anonymous_0)
FNDA:7,(anonymous_1)
FNDA:2,(anonymous_2)
FNDA:2,(anonymous_3)
DA:2,14
DA:4,14
DA:5,14
DA:7,14
DA:8,2
DA:9,2
DA:10,1
DA:12,1
DA:16,14
DA:17,7
DA:19,7
DA:20,7
DA:32,2
DA:34,5
DA:38,14
DA:39,2
DA:40,2
DA:42,2
DA:43,2
DA:49,1
DA:51,1
DA:55,14
DA:56,2
DA:58,2
DA:59,2
DA:60,1
DA:62,1
LF:27
LH:27
BRF:0
BRH:0
end_of_record
TN:
SF:src/controllers/authController.ts
FN:6,(anonymous_0)
FNF:1
FNH:1
FNDA:4,(anonymous_0)
DA:2,14
DA:4,14
DA:5,14
DA:6,14
DA:7,4
DA:9,4
DA:10,4
DA:11,1
DA:13,3
LF:9
LH:9
BRF:0
BRH:0
end_of_record
TN:
SF:src/database/tenantContext.ts
FNF:0
FNH:0
DA:1,15
DA:7,15
LF:2
LH:2
BRF:0
BRH:0
end_of_record
TN:
SF:src/middleware/auth.ts
FN:11,isAuth
FN:28,(anonymous_1)
FN:37,isAdmin
FNF:3
FNH:3
FNDA:82,isAuth
FNDA:78,(anonymous_1)
FNDA:5,isAdmin
DA:2,15
DA:3,15
DA:11,15
DA:12,82
DA:14,82
DA:15,2
DA:17,80
DA:19,80
DA:20,1
DA:23,79
DA:24,79
DA:25,78
DA:28,78
DA:29,78
DA:32,1
DA:33,1
DA:37,15
DA:38,5
DA:40,5
DA:41,2
DA:44,3
LF:21
LH:21
BRDA:14,0,0,2
BRDA:14,0,1,80
BRDA:19,1,0,1
BRDA:19,1,1,79
BRDA:33,2,0,1
BRDA:33,2,1,0
BRDA:40,3,0,2
BRDA:40,3,1,3
BRDA:40,4,0,5
BRDA:40,4,1,5
BRF:10
BRH:9
end_of_record
TN:
SF:src/middleware/errorHandler.ts
FN:4,(anonymous_0)
FNF:1
FNH:1
FNDA:3,(anonymous_0)
DA:2,1
DA:4,1
DA:5,3
DA:6,1
DA:13,2
DA:15,2
DA:17,2
LF:7
LH:7
BRDA:5,0,0,1
BRDA:5,0,1,2
BRDA:19,1,0,1
BRDA:19,1,1,1
BRDA:19,2,0,1
BRDA:19,2,1,0
BRF:6
BRH:5
end_of_record
TN:
SF:src/routes/routes.ts
FNF:0
FNH:0
DA:1,14
DA:2,14
DA:3,14
DA:4,14
DA:5,14
DA:6,14
DA:7,14
DA:8,14
DA:9,14
DA:10,14
DA:11,14
DA:12,14
DA:13,14
DA:14,14
DA:15,14
DA:16,14
DA:18,14
DA:19,14
DA:20,14
DA:21,14
DA:22,14
DA:23,14
DA:24,14
DA:25,14
DA:26,14
DA:27,14
DA:28,14
DA:29,14
DA:30,14
DA:31,14
DA:34,14
DA:35,14
DA:36,14
DA:37,14
DA:40,14
DA:41,14
DA:42,14
DA:43,14
DA:44,14
DA:47,14
DA:48,14
DA:49,14
DA:50,14
DA:53,14
DA:54,14
DA:55,14
DA:56,14
DA:59,14
DA:60,14
DA:61,14
DA:62,14
DA:65,14
DA:66,14
DA:67,14
DA:68,14
DA:69,14
DA:70,14
DA:71,14
DA:72,14
DA:73,14
DA:76,14
DA:80,14
DA:83,14
DA:84,14
DA:86,14
DA:90,14
DA:93,14
DA:96,14
DA:97,14
DA:98,14
DA:99,14
DA:100,14
DA:103,14
DA:104,14
DA:105,14
DA:106,14
DA:108,14
LF:77
LH:77
BRF:0
BRH:0
end_of_record
TN:
SF:src/services/AgendamentoService.ts
FN:14,(anonymous_1)
FN:47,(anonymous_2)
FN:78,(anonymous_3)
FN:114,(anonymous_4)
FN:141,(anonymous_5)
FN:159,(anonymous_6)
FN:175,(anonymous_7)
FN:217,(anonymous_8)
FN:223,(anonymous_9)
FN:276,(anonymous_10)
FNF:10
FNH:9
FNDA:1,(anonymous_1)
FNDA:2,(anonymous_2)
FNDA:2,(anonymous_3)
FNDA:0,(anonymous_4)
FNDA:1,(anonymous_5)
FNDA:1,(anonymous_6)
FNDA:1,(anonymous_7)
FNDA:1,(anonymous_8)
FNDA:1,(anonymous_9)
FNDA:40,(anonymous_10)
DA:1,14
DA:2,14
DA:3,14
DA:4,14
DA:5,14
DA:6,14
DA:8,14
DA:15,1
DA:17,1
DA:18,0
DA:21,1
DA:22,0
DA:25,1
DA:26,0
DA:27,0
DA:30,1
DA:40,1
DA:58,2
DA:59,2
DA:61,2
DA:62,2
DA:63,0
DA:66,2
DA:67,0
DA:71,2
DA:72,2
DA:74,2
DA:76,2
DA:78,2
DA:81,2
DA:95,2
DA:96,1
DA:100,1
DA:101,0
DA:102,0
DA:104,0
DA:109,0
DA:110,0
DA:113,0
DA:114,0
DA:115,0
DA:116,0
DA:117,0
DA:120,0
DA:126,0
DA:127,0
DA:131,1
DA:141,1
DA:152,1
DA:160,1
DA:164,1
DA:166,1
DA:168,1
DA:169,1
DA:170,1
DA:171,0
DA:175,1
DA:177,1
DA:178,0
DA:179,0
DA:180,0
DA:184,0
DA:185,0
DA:186,0
DA:193,0
DA:194,0
DA:200,0
DA:201,0
DA:208,1
DA:213,1
DA:218,1
DA:224,1
DA:225,1
DA:228,1
DA:229,1
DA:231,1
DA:250,1
DA:251,1
DA:253,1
DA:254,1
DA:255,1
DA:257,1
DA:260,1
DA:261,12
DA:262,48
DA:263,48
DA:266,48
DA:267,3
DA:271,45
DA:272,5
DA:276,40
DA:277,40
DA:278,40
DA:279,40
DA:282,40
DA:283,33
DA:284,33
DA:289,1
LF:98
LH:68
BRDA:17,0,0,0
BRDA:17,0,1,1
BRDA:21,1,0,0
BRDA:21,1,1,1
BRDA:25,2,0,0
BRDA:25,2,1,1
BRDA:25,3,0,1
BRDA:25,3,1,0
BRDA:62,4,0,0
BRDA:62,4,1,2
BRDA:62,5,0,2
BRDA:62,5,1,0
BRDA:62,5,2,0
BRDA:66,6,0,0
BRDA:66,6,1,2
BRDA:74,7,0,0
BRDA:74,7,1,2
BRDA:95,8,0,1
BRDA:95,8,1,1
BRDA:100,9,0,0
BRDA:100,9,1,1
BRDA:101,10,0,0
BRDA:101,10,1,0
BRDA:109,11,0,0
BRDA:109,11,1,0
BRDA:115,12,0,0
BRDA:115,12,1,0
BRDA:115,13,0,0
BRDA:115,13,1,0
BRDA:117,14,0,0
BRDA:117,14,1,0
BRDA:127,15,0,0
BRDA:127,15,1,0
BRDA:138,16,0,1
BRDA:138,16,1,1
BRDA:164,17,0,0
BRDA:164,17,1,1
BRDA:168,18,0,1
BRDA:168,18,1,0
BRDA:170,19,0,0
BRDA:170,19,1,1
BRDA:177,20,0,0
BRDA:177,20,1,1
BRDA:177,21,0,1
BRDA:177,21,1,0
BRDA:179,22,0,0
BRDA:179,22,1,0
BRDA:179,23,0,0
BRDA:179,23,1,0
BRDA:184,24,0,0
BRDA:184,24,1,0
BRDA:193,25,0,0
BRDA:193,25,1,0
BRDA:201,26,0,0
BRDA:201,26,1,0
BRDA:266,27,0,3
BRDA:266,27,1,45
BRDA:271,28,0,5
BRDA:271,28,1,40
BRDA:279,29,0,40
BRDA:279,29,1,40
BRDA:282,30,0,33
BRDA:282,30,1,7
BRF:63
BRH:26
end_of_record
TN:
SF:src/services/AssinaturaService.ts
FN:6,(anonymous_0)
FN:14,(anonymous_1)
FN:24,(anonymous_2)
FN:31,(anonymous_3)
FN:44,(anonymous_4)
FN:55,(anonymous_5)
FN:68,(anonymous_6)
FN:98,(anonymous_7)
FN:125,(anonymous_8)
FN:149,(anonymous_9)
FN:176,(anonymous_10)
FN:193,(anonymous_11)
FN:205,(anonymous_12)
FN:216,(anonymous_13)
FNF:14
FNH:11
FNDA:2,(anonymous_0)
FNDA:1,(anonymous_1)
FNDA:2,(anonymous_2)
FNDA:2,(anonymous_3)
FNDA:0,(anonymous_4)
FNDA:2,(anonymous_5)
FNDA:2,(anonymous_6)
FNDA:0,(anonymous_7)
FNDA:2,(anonymous_8)
FNDA:0,(anonymous_9)
FNDA:2,(anonymous_10)
FNDA:3,(anonymous_11)
FNDA:1,(anonymous_12)
FNDA:2,(anonymous_13)
DA:1,14
DA:2,14
DA:4,14
DA:7,2
DA:14,1
DA:25,2
DA:32,2
DA:33,2
DA:35,1
DA:44,0
DA:56,2
DA:57,2
DA:59,1
DA:69,2
DA:73,2
DA:75,1
DA:79,1
DA:80,1
DA:86,1
DA:87,1
DA:89,1
DA:98,0
DA:108,1
DA:109,1
DA:119,0
DA:122,1
DA:126,2
DA:131,2
DA:132,1
DA:134,1
DA:136,1
DA:140,1
DA:142,1
DA:149,0
DA:159,1
DA:160,1
DA:170,0
DA:173,1
DA:177,2
DA:178,2
DA:180,0
DA:181,0
DA:183,0
DA:184,0
DA:187,2
DA:188,2
DA:190,2
DA:194,3
DA:203,3
DA:205,2
DA:206,2
DA:210,2
DA:217,2
LF:53
LH:44
BRDA:11,0,0,2
BRDA:11,0,1,2
BRDA:33,1,0,1
BRDA:33,1,1,1
BRDA:41,2,0,1
BRDA:41,2,1,0
BRDA:57,3,0,1
BRDA:57,3,1,1
BRDA:73,4,0,1
BRDA:73,4,1,1
BRDA:79,5,0,1
BRDA:79,5,1,0
BRDA:131,6,0,1
BRDA:131,6,1,1
BRDA:132,7,0,0
BRDA:132,7,1,1
BRDA:136,8,0,1
BRDA:136,8,1,0
BRDA:136,9,0,1
BRDA:136,9,1,1
BRDA:178,10,0,0
BRDA:178,10,1,0
BRDA:178,10,2,2
BRDA:178,10,3,2
BRDA:203,11,0,1
BRDA:203,11,1,2
BRDA:206,12,0,1
BRDA:206,12,1,1
BRF:28
BRH:22
end_of_record
TN:
SF:src/services/CaixaService.ts
FN:8,(anonymous_1)
FN:22,(anonymous_2)
FN:30,(anonymous_3)
FN:60,(anonymous_4)
FN:78,(anonymous_5)
FN:107,(anonymous_6)
FNF:6
FNH:6
FNDA:2,(anonymous_1)
FNDA:1,(anonymous_2)
FNDA:1,(anonymous_3)
FNDA:1,(anonymous_4)
FNDA:1,(anonymous_5)
FNDA:1,(anonymous_6)
DA:1,14
DA:3,14
DA:4,14
DA:5,14
DA:7,14
DA:9,2
DA:10,2
DA:12,2
DA:13,2
DA:14,2
DA:16,2
DA:21,1
DA:22,1
DA:23,1
DA:24,0
DA:26,1
DA:27,1
DA:28,1
DA:30,1
DA:31,1
DA:32,1
DA:33,1
DA:34,1
DA:37,1
DA:38,1
DA:40,1
DA:44,1
DA:52,1
DA:53,1
DA:54,1
DA:55,1
DA:57,1
DA:58,1
DA:60,1
DA:61,1
DA:62,0
DA:63,0
DA:64,0
DA:66,1
DA:67,0
DA:69,1
DA:72,1
DA:73,1
DA:75,1
DA:76,1
DA:78,1
DA:79,1
DA:80,1
DA:82,1
DA:83,1
DA:87,1
DA:88,1
DA:90,1
DA:91,1
DA:95,1
DA:107,1
LF:56
LH:51
BRDA:12,0,0,1
BRDA:12,0,1,1
BRDA:23,1,0,0
BRDA:23,1,1,1
BRDA:32,2,0,1
BRDA:32,2,1,0
BRDA:37,3,0,1
BRDA:37,3,1,0
BRDA:61,4,0,0
BRDA:61,4,1,1
BRDA:66,5,0,0
BRDA:66,5,1,1
BRDA:80,6,0,1
BRDA:80,6,1,0
BRDA:87,7,0,1
BRDA:87,7,1,0
BRF:16
BRH:9
end_of_record
TN:
SF:src/services/CategoriaCustoService.ts
FN:4,(anonymous_0)
FN:10,(anonymous_1)
FN:16,(anonymous_2)
FN:23,(anonymous_3)
FNF:4
FNH:4
FNDA:1,(anonymous_0)
FNDA:1,(anonymous_1)
FNDA:1,(anonymous_2)
FNDA:1,(anonymous_3)
DA:1,14
DA:3,14
DA:5,1
DA:11,1
DA:17,1
DA:24,1
LF:6
LH:6
BRF:0
BRH:0
end_of_record
TN:
SF:src/services/ClienteService.ts
FN:6,(anonymous_0)
FN:35,(anonymous_1)
FN:53,(anonymous_2)
FN:98,(anonymous_3)
FN:163,(anonymous_4)
FNF:5
FNH:4
FNDA:1,(anonymous_0)
FNDA:0,(anonymous_1)
FNDA:2,(anonymous_2)
FNDA:3,(anonymous_3)
FNDA:2,(anonymous_4)
DA:1,14
DA:2,14
DA:3,14
DA:5,14
DA:7,1
DA:32,1
DA:36,0
DA:50,0
DA:54,2
DA:56,2
DA:57,2
DA:64,2
DA:65,1
DA:69,1
DA:86,1
DA:87,0
DA:88,0
DA:89,0
DA:91,0
DA:95,1
DA:99,3
DA:103,3
DA:104,1
DA:106,2
DA:107,2
DA:115,2
DA:116,1
DA:120,1
DA:121,0
DA:122,0
DA:127,0
DA:129,1
DA:130,0
DA:132,0
DA:133,0
DA:134,0
DA:135,0
DA:137,0
DA:138,0
DA:142,1
DA:160,1
DA:164,2
DA:168,2
DA:169,1
DA:171,1
DA:176,1
LF:46
LH:30
BRDA:56,0,0,2
BRDA:56,0,1,0
BRDA:56,1,0,2
BRDA:56,1,1,2
BRDA:64,2,0,1
BRDA:64,2,1,1
BRDA:86,3,0,0
BRDA:86,3,1,1
BRDA:103,4,0,1
BRDA:103,4,1,2
BRDA:106,5,0,2
BRDA:106,5,1,0
BRDA:106,6,0,2
BRDA:106,6,1,2
BRDA:115,7,0,1
BRDA:115,7,1,1
BRDA:120,8,0,0
BRDA:120,8,1,1
BRDA:129,9,0,0
BRDA:129,9,1,1
BRDA:133,10,0,0
BRDA:133,10,1,0
BRDA:168,11,0,1
BRDA:168,11,1,1
BRF:24
BRH:17
end_of_record
TN:
SF:src/services/ComissaoService.ts
FN:5,(anonymous_0)
FN:57,(anonymous_1)
FN:60,(anonymous_2)
FN:73,(anonymous_3)
FN:81,(anonymous_4)
FNF:5
FNH:5
FNDA:2,(anonymous_0)
FNDA:1,(anonymous_1)
FNDA:2,(anonymous_2)
FNDA:2,(anonymous_3)
FNDA:2,(anonymous_4)
DA:2,14
DA:4,14
DA:6,2
DA:7,2
DA:9,2
DA:10,2
DA:15,2
DA:16,1
DA:18,1
DA:19,1
DA:22,1
DA:23,1
DA:24,1
DA:25,1
DA:26,1
DA:29,1
DA:30,1
DA:31,1
DA:35,1
DA:54,1
DA:55,1
DA:57,1
DA:58,1
DA:60,1
DA:61,2
DA:62,2
DA:63,2
DA:64,2
DA:66,2
DA:73,2
DA:74,1
DA:75,1
DA:77,1
DA:81,2
DA:89,1
LF:35
LH:35
BRDA:9,0,0,2
BRDA:9,0,1,0
BRDA:15,1,0,1
BRDA:15,1,1,1
BRDA:22,2,0,1
BRDA:22,2,1,0
BRDA:22,3,0,1
BRDA:22,3,1,0
BRDA:24,4,0,1
BRDA:24,4,1,0
BRDA:25,5,0,0
BRDA:25,5,1,1
BRDA:29,6,0,1
BRDA:29,6,1,0
BRDA:30,7,0,0
BRDA:30,7,1,1
BRDA:62,8,0,2
BRDA:62,8,1,0
BRDA:79,9,0,1
BRDA:79,9,1,1
BRDA:80,10,0,1
BRDA:80,10,1,1
BRDA:92,11,0,1
BRDA:92,11,1,0
BRDA:93,12,0,1
BRDA:93,12,1,0
BRF:26
BRH:16
end_of_record
TN:
SF:src/services/FinanceiroService.ts
FN:4,(anonymous_0)
FNF:1
FNH:1
FNDA:1,(anonymous_0)
DA:1,14
DA:3,14
DA:5,1
DA:17,1
LF:4
LH:4
BRF:0
BRH:0
end_of_record
TN:
SF:src/services/ItemCatalogoService.ts
FN:4,(anonymous_0)
FN:20,(anonymous_1)
FN:52,(anonymous_2)
FN:82,(anonymous_3)
FNF:4
FNH:4
FNDA:2,(anonymous_0)
FNDA:1,(anonymous_1)
FNDA:2,(anonymous_2)
FNDA:2,(anonymous_3)
DA:1,14
DA:3,14
DA:5,2
DA:17,1
DA:21,1
DA:23,1
DA:27,1
DA:28,0
DA:31,1
DA:49,1
DA:53,2
DA:57,2
DA:58,1
DA:60,1
DA:79,1
DA:83,2
DA:87,2
DA:88,1
DA:90,1
DA:95,1
LF:20
LH:19
BRDA:27,0,0,0
BRDA:27,0,1,1
BRDA:36,1,0,0
BRDA:36,1,1,1
BRDA:57,2,0,1
BRDA:57,2,1,1
BRDA:63,3,0,1
BRDA:63,3,1,1
BRDA:64,4,0,1
BRDA:64,4,1,1
BRDA:65,5,0,1
BRDA:65,5,1,0
BRDA:66,6,0,1
BRDA:66,6,1,0
BRDA:67,7,0,1
BRDA:67,7,1,1
BRDA:87,8,0,1
BRDA:87,8,1,1
BRF:18
BRH:14
end_of_record
TN:
SF:src/services/ProfissionalService.ts
FN:5,(anonymous_1)
FN:20,(anonymous_2)
FN:52,(anonymous_3)
FN:96,(anonymous_4)
FNF:4
FNH:4
FNDA:2,(anonymous_1)
FNDA:2,(anonymous_2)
FNDA:2,(anonymous_3)
FNDA:2,(anonymous_4)
DA:1,14
DA:2,14
DA:4,14
DA:6,2
DA:17,1
DA:21,2
DA:23,2
DA:27,2
DA:28,1
DA:31,1
DA:33,1
DA:49,1
DA:53,2
DA:55,2
DA:59,2
DA:60,1
DA:62,1
DA:63,1
DA:67,1
DA:68,0
DA:72,1
DA:73,0
DA:76,1
DA:93,1
DA:97,2
DA:101,2
DA:102,1
DA:104,1
DA:109,1
LF:29
LH:27
BRDA:27,0,0,1
BRDA:27,0,1,1
BRDA:59,1,0,1
BRDA:59,1,1,1
BRDA:62,2,0,1
BRDA:62,2,1,0
BRDA:67,3,0,0
BRDA:67,3,1,1
BRDA:67,4,0,1
BRDA:67,4,1,1
BRDA:72,5,0,0
BRDA:72,5,1,1
BRDA:101,6,0,1
BRDA:101,6,1,1
BRF:14
BRH:11
end_of_record
TN:
SF:src/services/RelatorioService.ts
FN:5,(anonymous_0)
FN:29,(anonymous_1)
FNF:2
FNH:2
FNDA:1,(anonymous_0)
FNDA:1,(anonymous_1)
DA:1,14
DA:2,14
DA:4,14
DA:6,1
DA:7,1
DA:8,1
DA:11,1
DA:29,1
LF:8
LH:8
BRDA:7,0,0,0
BRDA:7,0,1,1
BRF:2
BRH:1
end_of_record
TN:
SF:src/services/TransacaoService.ts
FN:7,(anonymous_0)
FN:26,(anonymous_1)
FN:49,(anonymous_2)
FN:79,(anonymous_3)
FN:98,(anonymous_4)
FN:123,(anonymous_5)
FN:124,(anonymous_6)
FN:135,(anonymous_7)
FN:146,(anonymous_8)
FN:158,(anonymous_9)
FN:187,(anonymous_10)
FN:222,(anonymous_11)
FN:238,(anonymous_12)
FN:273,(anonymous_13)
FN:281,(anonymous_14)
FNF:15
FNH:12
FNDA:2,(anonymous_0)
FNDA:3,(anonymous_1)
FNDA:0,(anonymous_2)
FNDA:7,(anonymous_3)
FNDA:6,(anonymous_4)
FNDA:5,(anonymous_5)
FNDA:5,(anonymous_6)
FNDA:3,(anonymous_7)
FNDA:0,(anonymous_8)
FNDA:1,(anonymous_9)
FNDA:2,(anonymous_10)
FNDA:2,(anonymous_11)
FNDA:1,(anonymous_12)
FNDA:2,(anonymous_13)
FNDA:0,(anonymous_14)
DA:1,14
DA:2,14
DA:3,14
DA:4,14
DA:6,14
DA:8,2
DA:23,1
DA:27,3
DA:28,3
DA:29,0
DA:31,0
DA:33,0
DA:34,0
DA:36,0
DA:46,0
DA:47,0
DA:49,0
DA:50,0
DA:51,0
DA:53,0
DA:57,0
DA:59,0
DA:90,7
DA:91,7
DA:94,7
DA:95,1
DA:98,6
DA:100,6
DA:104,6
DA:105,1
DA:107,5
DA:108,5
DA:110,5
DA:111,5
DA:112,5
DA:121,5
DA:123,5
DA:124,5
DA:125,5
DA:127,5
DA:129,5
DA:130,4
DA:131,4
DA:132,1
DA:135,3
DA:137,3
DA:138,1
DA:141,2
DA:142,1
DA:146,1
DA:147,1
DA:148,0
DA:150,1
DA:157,1
DA:158,1
DA:159,1
DA:161,1
DA:162,1
DA:166,2
DA:167,1
DA:170,2
DA:179,2
DA:187,2
DA:188,2
DA:205,2
DA:206,1
DA:207,1
DA:214,2
DA:216,2
DA:219,2
DA:231,2
DA:235,2
DA:236,1
DA:238,1
DA:239,1
DA:260,1
DA:263,1
DA:264,0
DA:267,1
DA:270,1
DA:274,2
DA:278,2
DA:279,1
DA:281,1
DA:282,0
DA:283,0
DA:284,0
DA:287,1
LF:88
LH:70
BRDA:28,0,0,3
BRDA:28,0,1,0
BRDA:50,1,0,0
BRDA:50,1,1,0
BRDA:94,2,0,1
BRDA:94,2,1,6
BRDA:94,3,0,7
BRDA:94,3,1,7
BRDA:98,4,0,6
BRDA:98,4,1,0
BRDA:100,5,0,6
BRDA:100,5,1,0
BRDA:104,6,0,1
BRDA:104,6,1,5
BRDA:104,7,0,6
BRDA:104,7,1,6
BRDA:107,8,0,5
BRDA:107,8,1,5
BRDA:111,9,0,5
BRDA:111,9,1,0
BRDA:123,10,0,5
BRDA:123,10,1,0
BRDA:127,11,0,5
BRDA:127,11,1,1
BRDA:129,12,0,4
BRDA:129,12,1,1
BRDA:131,13,0,1
BRDA:131,13,1,3
BRDA:137,14,0,1
BRDA:137,14,1,2
BRDA:141,15,0,1
BRDA:141,15,1,1
BRDA:147,16,0,0
BRDA:147,16,1,1
BRDA:157,17,0,1
BRDA:157,17,1,0
BRDA:159,18,0,1
BRDA:159,18,1,0
BRDA:161,19,0,1
BRDA:161,19,1,0
BRDA:166,20,0,1
BRDA:166,20,1,1
BRDA:175,21,0,2
BRDA:175,21,1,2
BRDA:179,22,0,2
BRDA:179,22,1,2
BRDA:193,23,0,0
BRDA:193,23,1,2
BRDA:195,24,0,2
BRDA:195,24,1,0
BRDA:196,25,0,2
BRDA:196,25,1,0
BRDA:197,26,0,2
BRDA:197,26,1,2
BRDA:198,27,0,2
BRDA:198,27,1,2
BRDA:205,28,0,1
BRDA:205,28,1,1
BRDA:205,29,0,2
BRDA:205,29,1,1
BRDA:235,30,0,1
BRDA:235,30,1,1
BRDA:242,31,0,1
BRDA:242,31,1,1
BRDA:243,32,0,1
BRDA:243,32,1,1
BRDA:244,33,0,1
BRDA:244,33,1,0
BRDA:245,34,0,1
BRDA:245,34,1,0
BRDA:246,35,0,1
BRDA:246,35,1,0
BRDA:247,36,0,1
BRDA:247,36,1,0
BRDA:248,37,0,1
BRDA:248,37,1,0
BRDA:263,38,0,0
BRDA:263,38,1,1
BRDA:263,39,0,1
BRDA:263,39,1,0
BRDA:278,40,0,1
BRDA:278,40,1,1
BRF:82
BRH:61
end_of_record
TN:
SF:src/services/authService.ts
FN:6,(anonymous_0)
FNF:1
FNH:1
FNDA:4,(anonymous_0)
DA:1,14
DA:2,14
DA:3,14
DA:5,14
DA:8,4
DA:18,4
DA:19,2
DA:21,2
DA:22,2
DA:23,1
DA:25,1
DA:27,1
DA:37,1
LF:13
LH:13
BRDA:18,0,0,2
BRDA:18,0,1,2
BRDA:22,1,0,1
BRDA:22,1,1,1
BRDA:44,2,0,1
BRDA:44,2,1,1
BRDA:46,3,0,1
BRDA:46,3,1,1
BRF:8
BRH:8
end_of_record
TN:
SF:src/utils/AppError.ts
FN:4,(anonymous_0)
FNF:1
FNH:1
FNDA:8,(anonymous_0)
DA:1,15
DA:5,8
DA:6,8
DA:7,8
LF:4
LH:4
BRDA:4,0,0,0
BRF:1
BRH:0
end_of_record
